Goal: (-34.289425,20.551086) 0.000000°
start state: -36.2677 16.1235

cur_state: (-36.27, 16.12) | 0.00 | 5.09
-------simple queue---------

cur_state: (-35.77, 16.62) | 0.71 | 5.11
-------simple queue---------
cur_loc: (-36.77, 15.62) | 0.71 | 6.50
cur_loc: (-35.77, 15.62) | 0.71 | 6.11
cur_loc: (-36.27, 15.62) | 0.50 | 6.08
cur_loc: (-36.77, 16.12) | 0.50 | 5.83
cur_loc: (-35.77, 16.12) | 0.50 | 5.40

cur_state: (-35.77, 17.12) | 1.21 | 5.13
-------simple queue---------
cur_loc: (-36.77, 15.62) | 0.71 | 6.50
cur_loc: (-35.27, 16.12) | 1.41 | 6.18
cur_loc: (-35.77, 15.62) | 0.71 | 6.11
cur_loc: (-36.27, 15.62) | 0.50 | 6.08
cur_loc: (-36.77, 16.12) | 0.50 | 5.83
cur_loc: (-35.77, 16.12) | 0.50 | 5.40

cur_state: (-35.77, 17.62) | 1.71 | 5.15
-------simple queue---------
cur_loc: (-36.77, 15.62) | 0.71 | 6.50
cur_loc: (-35.27, 16.12) | 1.41 | 6.18
cur_loc: (-35.77, 15.62) | 0.71 | 6.11
cur_loc: (-36.27, 15.62) | 0.50 | 6.08
cur_loc: (-36.77, 16.12) | 0.50 | 5.83
cur_loc: (-36.27, 17.62) | 1.91 | 5.62
cur_loc: (-35.77, 16.12) | 0.50 | 5.40

cur_state: (-35.77, 18.12) | 2.21 | 5.19
-------simple queue---------
cur_loc: (-36.77, 15.62) | 0.71 | 6.50
cur_loc: (-35.27, 16.12) | 1.41 | 6.18
cur_loc: (-35.77, 15.62) | 0.71 | 6.11
cur_loc: (-36.27, 15.62) | 0.50 | 6.08
cur_loc: (-36.77, 16.12) | 0.50 | 5.83
cur_loc: (-36.27, 18.12) | 2.41 | 5.70
cur_loc: (-36.27, 17.62) | 1.91 | 5.62
cur_loc: (-35.77, 16.12) | 0.50 | 5.40

cur_state: (-35.77, 18.62) | 2.71 | 5.26
-------simple queue---------
cur_loc: (-36.77, 15.62) | 0.71 | 6.50
cur_loc: (-35.27, 16.12) | 1.41 | 6.18
cur_loc: (-35.77, 15.62) | 0.71 | 6.11
cur_loc: (-36.27, 15.62) | 0.50 | 6.08
cur_loc: (-36.77, 16.12) | 0.50 | 5.83
cur_loc: (-36.27, 18.62) | 2.91 | 5.81
cur_loc: (-36.27, 18.12) | 2.41 | 5.70
cur_loc: (-36.27, 17.62) | 1.91 | 5.62
cur_loc: (-35.77, 16.12) | 0.50 | 5.40

cur_state: (-35.77, 19.12) | 3.21 | 5.36
-------simple queue---------
cur_loc: (-36.77, 15.62) | 0.71 | 6.50
cur_loc: (-35.27, 16.12) | 1.41 | 6.18
cur_loc: (-35.77, 15.62) | 0.71 | 6.11
cur_loc: (-36.27, 15.62) | 0.50 | 6.08
cur_loc: (-36.27, 19.12) | 3.41 | 5.98
cur_loc: (-36.77, 16.12) | 0.50 | 5.83
cur_loc: (-36.27, 18.62) | 2.91 | 5.81
cur_loc: (-36.27, 18.12) | 2.41 | 5.70
cur_loc: (-36.27, 17.62) | 1.91 | 5.62
cur_loc: (-35.77, 16.12) | 0.50 | 5.40

cur_state: (-35.77, 16.12) | 0.50 | 5.40
-------simple queue---------
cur_loc: (-36.77, 15.62) | 0.71 | 6.50
cur_loc: (-35.27, 16.12) | 1.41 | 6.18
cur_loc: (-35.77, 15.62) | 0.71 | 6.11
cur_loc: (-36.27, 15.62) | 0.50 | 6.08
cur_loc: (-36.27, 19.12) | 3.41 | 5.98
cur_loc: (-36.77, 16.12) | 0.50 | 5.83
cur_loc: (-36.27, 18.62) | 2.91 | 5.81
cur_loc: (-36.27, 18.12) | 2.41 | 5.70
cur_loc: (-36.27, 17.62) | 1.91 | 5.62

cur_state: (-36.27, 17.62) | 1.91 | 5.62
-------simple queue---------
cur_loc: (-36.77, 15.62) | 0.71 | 6.50
cur_loc: (-35.27, 15.62) | 1.21 | 6.48
cur_loc: (-35.77, 15.62) | 0.71 | 6.11
cur_loc: (-36.27, 15.62) | 0.50 | 6.08
cur_loc: (-36.27, 19.12) | 3.41 | 5.98
cur_loc: (-36.77, 16.12) | 0.50 | 5.83
cur_loc: (-36.27, 18.62) | 2.91 | 5.81
cur_loc: (-35.27, 16.12) | 1.41 | 5.76
cur_loc: (-36.27, 18.12) | 2.41 | 5.70

cur_state: (-36.27, 18.12) | 2.41 | 5.70
-------simple queue---------
cur_loc: (-36.77, 15.62) | 0.71 | 6.50
cur_loc: (-35.27, 15.62) | 1.21 | 6.48
cur_loc: (-36.77, 17.62) | 2.41 | 6.44
cur_loc: (-36.77, 18.12) | 2.62 | 6.26
cur_loc: (-35.77, 15.62) | 0.71 | 6.11
cur_loc: (-36.27, 15.62) | 0.50 | 6.08
cur_loc: (-36.27, 19.12) | 3.41 | 5.98
cur_loc: (-36.77, 16.12) | 0.50 | 5.83
cur_loc: (-36.27, 18.62) | 2.91 | 5.81
cur_loc: (-35.27, 16.12) | 1.41 | 5.76

cur_state: (-35.27, 16.12) | 1.41 | 6.18
-------simple queue---------
cur_loc: (-36.77, 15.62) | 0.71 | 6.50
cur_loc: (-35.27, 15.62) | 1.21 | 6.48
cur_loc: (-36.77, 17.62) | 2.41 | 6.44
cur_loc: (-36.77, 18.62) | 3.12 | 6.42
cur_loc: (-36.77, 18.12) | 2.62 | 6.26
cur_loc: (-35.77, 15.62) | 0.71 | 6.11
cur_loc: (-36.27, 15.62) | 0.50 | 6.08
cur_loc: (-36.27, 19.12) | 3.41 | 5.98
cur_loc: (-36.77, 16.12) | 0.50 | 5.83
cur_loc: (-36.27, 18.62) | 2.91 | 5.81

cur_state: (-36.27, 18.62) | 2.91 | 5.81
-------simple queue---------
cur_loc: (-34.77, 15.62) | 2.12 | 7.32
cur_loc: (-34.77, 16.12) | 1.91 | 6.59
cur_loc: (-36.77, 15.62) | 0.71 | 6.50
cur_loc: (-35.27, 15.62) | 1.21 | 6.48
cur_loc: (-36.77, 17.62) | 2.41 | 6.44
cur_loc: (-36.77, 18.62) | 3.12 | 6.42
cur_loc: (-34.77, 16.62) | 2.12 | 6.28
cur_loc: (-36.77, 18.12) | 2.62 | 6.26
cur_loc: (-35.77, 15.62) | 0.71 | 6.11
cur_loc: (-36.27, 15.62) | 0.50 | 6.08
cur_loc: (-36.27, 19.12) | 3.41 | 5.98
cur_loc: (-36.77, 16.12) | 0.50 | 5.83

cur_state: (-36.77, 16.12) | 0.50 | 5.83
-------simple queue---------
cur_loc: (-34.77, 15.62) | 2.12 | 7.32
cur_loc: (-36.77, 19.12) | 3.62 | 6.62
cur_loc: (-34.77, 16.12) | 1.91 | 6.59
cur_loc: (-36.77, 15.62) | 0.71 | 6.50
cur_loc: (-35.27, 15.62) | 1.21 | 6.48
cur_loc: (-36.77, 17.62) | 2.41 | 6.44
cur_loc: (-36.77, 18.62) | 3.12 | 6.42
cur_loc: (-34.77, 16.62) | 2.12 | 6.28
cur_loc: (-36.77, 18.12) | 2.62 | 6.26
cur_loc: (-35.77, 15.62) | 0.71 | 6.11
cur_loc: (-36.27, 15.62) | 0.50 | 6.08
cur_loc: (-36.27, 19.12) | 3.41 | 5.98

cur_state: (-36.27, 19.12) | 3.41 | 5.98
-------simple queue---------
cur_loc: (-34.77, 15.62) | 2.12 | 7.32
cur_loc: (-37.27, 15.62) | 1.21 | 7.25
cur_loc: (-36.77, 19.12) | 3.62 | 6.62
cur_loc: (-34.77, 16.12) | 1.91 | 6.59
cur_loc: (-36.77, 15.62) | 0.71 | 6.50
cur_loc: (-35.27, 15.62) | 1.21 | 6.48
cur_loc: (-36.77, 17.62) | 2.41 | 6.44
cur_loc: (-36.77, 18.62) | 3.12 | 6.42
cur_loc: (-34.77, 16.62) | 2.12 | 6.28
cur_loc: (-36.77, 18.12) | 2.62 | 6.26
cur_loc: (-35.77, 15.62) | 0.71 | 6.11
cur_loc: (-36.27, 15.62) | 0.50 | 6.08

cur_state: (-36.27, 15.62) | 0.50 | 6.08
-------simple queue---------
cur_loc: (-34.77, 15.62) | 2.12 | 7.32
cur_loc: (-37.27, 15.62) | 1.21 | 7.25
cur_loc: (-36.77, 19.12) | 3.62 | 6.62
cur_loc: (-34.77, 16.12) | 1.91 | 6.59
cur_loc: (-36.77, 15.62) | 0.71 | 6.50
cur_loc: (-35.27, 15.62) | 1.21 | 6.48
cur_loc: (-36.77, 17.62) | 2.41 | 6.44
cur_loc: (-36.77, 18.62) | 3.12 | 6.42
cur_loc: (-34.77, 16.62) | 2.12 | 6.28
cur_loc: (-36.77, 18.12) | 2.62 | 6.26
cur_loc: (-35.77, 15.62) | 0.71 | 6.11

cur_state: (-35.77, 15.62) | 0.71 | 6.11
-------simple queue---------
cur_loc: (-34.77, 15.62) | 2.12 | 7.32
cur_loc: (-37.27, 15.62) | 1.21 | 7.25
cur_loc: (-36.77, 19.12) | 3.62 | 6.62
cur_loc: (-34.77, 16.12) | 1.91 | 6.59
cur_loc: (-36.77, 15.62) | 0.71 | 6.50
cur_loc: (-35.27, 15.62) | 1.21 | 6.48
cur_loc: (-36.77, 17.62) | 2.41 | 6.44
cur_loc: (-36.77, 18.62) | 3.12 | 6.42
cur_loc: (-34.77, 16.62) | 2.12 | 6.28
cur_loc: (-36.77, 18.12) | 2.62 | 6.26

cur_state: (-36.77, 18.12) | 2.62 | 6.26
-------simple queue---------
cur_loc: (-34.77, 15.62) | 2.12 | 7.32
cur_loc: (-37.27, 15.62) | 1.21 | 7.25
cur_loc: (-36.77, 19.12) | 3.62 | 6.62
cur_loc: (-34.77, 16.12) | 1.91 | 6.59
cur_loc: (-36.77, 15.62) | 0.71 | 6.50
cur_loc: (-35.27, 15.62) | 1.21 | 6.48
cur_loc: (-36.77, 17.62) | 2.41 | 6.44
cur_loc: (-36.77, 18.62) | 3.12 | 6.42
cur_loc: (-34.77, 16.62) | 2.12 | 6.28

cur_state: (-34.77, 16.62) | 2.12 | 6.28
-------simple queue---------
cur_loc: (-37.27, 17.62) | 3.33 | 7.71
cur_loc: (-34.77, 15.62) | 2.12 | 7.32
cur_loc: (-37.27, 15.62) | 1.21 | 7.25
cur_loc: (-37.27, 18.12) | 3.12 | 7.16
cur_loc: (-37.27, 18.62) | 3.33 | 7.05
cur_loc: (-36.77, 19.12) | 3.62 | 6.62
cur_loc: (-34.77, 16.12) | 1.91 | 6.59
cur_loc: (-36.77, 15.62) | 0.71 | 6.50
cur_loc: (-35.27, 15.62) | 1.21 | 6.48
cur_loc: (-36.77, 17.62) | 2.41 | 6.44
cur_loc: (-36.77, 18.62) | 3.12 | 6.42

cur_state: (-34.77, 17.12) | 2.62 | 6.26
-------simple queue---------
cur_loc: (-37.27, 17.62) | 3.33 | 7.71
cur_loc: (-34.27, 16.12) | 2.83 | 7.48
cur_loc: (-34.77, 15.62) | 2.12 | 7.32
cur_loc: (-37.27, 15.62) | 1.21 | 7.25
cur_loc: (-37.27, 18.12) | 3.12 | 7.16
cur_loc: (-37.27, 18.62) | 3.33 | 7.05
cur_loc: (-34.27, 16.62) | 2.62 | 6.75
cur_loc: (-36.77, 19.12) | 3.62 | 6.62
cur_loc: (-34.77, 16.12) | 1.91 | 6.59
cur_loc: (-36.77, 15.62) | 0.71 | 6.50
cur_loc: (-35.27, 15.62) | 1.21 | 6.48
cur_loc: (-36.77, 17.62) | 2.41 | 6.44
cur_loc: (-34.27, 17.12) | 2.83 | 6.43
cur_loc: (-36.77, 18.62) | 3.12 | 6.42

cur_state: (-34.77, 17.62) | 3.12 | 6.24
-------simple queue---------
cur_loc: (-37.27, 17.62) | 3.33 | 7.71
cur_loc: (-34.27, 16.12) | 2.83 | 7.48
cur_loc: (-34.77, 15.62) | 2.12 | 7.32
cur_loc: (-37.27, 15.62) | 1.21 | 7.25
cur_loc: (-37.27, 18.12) | 3.12 | 7.16
cur_loc: (-37.27, 18.62) | 3.33 | 7.05
cur_loc: (-34.27, 16.62) | 2.62 | 6.75
cur_loc: (-36.77, 19.12) | 3.62 | 6.62
cur_loc: (-34.77, 16.12) | 1.91 | 6.59
cur_loc: (-36.77, 15.62) | 0.71 | 6.50
cur_loc: (-35.27, 15.62) | 1.21 | 6.48
cur_loc: (-36.77, 17.62) | 2.41 | 6.44
cur_loc: (-34.27, 17.12) | 2.83 | 6.43
cur_loc: (-36.77, 18.62) | 3.12 | 6.42
cur_loc: (-34.27, 17.62) | 3.33 | 6.40

cur_state: (-34.27, 17.62) | 3.33 | 6.40
-------simple queue---------
cur_loc: (-37.27, 17.62) | 3.33 | 7.71
cur_loc: (-34.27, 16.12) | 2.83 | 7.48
cur_loc: (-34.77, 15.62) | 2.12 | 7.32
cur_loc: (-37.27, 15.62) | 1.21 | 7.25
cur_loc: (-37.27, 18.12) | 3.12 | 7.16
cur_loc: (-37.27, 18.62) | 3.33 | 7.05
cur_loc: (-34.27, 16.62) | 2.62 | 6.75
cur_loc: (-36.77, 19.12) | 3.62 | 6.62
cur_loc: (-34.77, 16.12) | 1.91 | 6.59
cur_loc: (-36.77, 15.62) | 0.71 | 6.50
cur_loc: (-35.27, 15.62) | 1.21 | 6.48
cur_loc: (-36.77, 17.62) | 2.41 | 6.44
cur_loc: (-34.27, 17.12) | 2.83 | 6.43
cur_loc: (-36.77, 18.62) | 3.12 | 6.42

cur_state: (-36.77, 18.62) | 3.12 | 6.42
-------simple queue---------
cur_loc: (-37.27, 17.62) | 3.33 | 7.71
cur_loc: (-33.77, 17.12) | 4.04 | 7.68
cur_loc: (-34.27, 16.12) | 2.83 | 7.48
cur_loc: (-34.77, 15.62) | 2.12 | 7.32
cur_loc: (-37.27, 15.62) | 1.21 | 7.25
cur_loc: (-37.27, 18.12) | 3.12 | 7.16
cur_loc: (-37.27, 18.62) | 3.33 | 7.05
cur_loc: (-33.77, 17.62) | 3.83 | 6.95
cur_loc: (-34.27, 16.62) | 2.62 | 6.75
cur_loc: (-36.77, 19.12) | 3.62 | 6.62
cur_loc: (-34.77, 16.12) | 1.91 | 6.59
cur_loc: (-36.77, 15.62) | 0.71 | 6.50
cur_loc: (-35.27, 15.62) | 1.21 | 6.48
cur_loc: (-36.77, 17.62) | 2.41 | 6.44
cur_loc: (-34.27, 17.12) | 2.83 | 6.43

cur_state: (-34.27, 17.12) | 2.83 | 6.43
-------simple queue---------
cur_loc: (-37.27, 17.62) | 3.33 | 7.71
cur_loc: (-33.77, 17.12) | 4.04 | 7.68
cur_loc: (-34.27, 16.12) | 2.83 | 7.48
cur_loc: (-34.77, 15.62) | 2.12 | 7.32
cur_loc: (-37.27, 19.12) | 3.83 | 7.30
cur_loc: (-37.27, 15.62) | 1.21 | 7.25
cur_loc: (-37.27, 18.12) | 3.12 | 7.16
cur_loc: (-37.27, 18.62) | 3.33 | 7.05
cur_loc: (-33.77, 17.62) | 3.83 | 6.95
cur_loc: (-34.27, 16.62) | 2.62 | 6.75
cur_loc: (-36.77, 19.12) | 3.62 | 6.62
cur_loc: (-34.77, 16.12) | 1.91 | 6.59
cur_loc: (-36.77, 15.62) | 0.71 | 6.50
cur_loc: (-35.27, 15.62) | 1.21 | 6.48
cur_loc: (-36.77, 17.62) | 2.41 | 6.44

cur_state: (-36.77, 17.62) | 2.41 | 6.44
-------simple queue---------
cur_loc: (-37.27, 17.62) | 3.33 | 7.71
cur_loc: (-33.77, 16.62) | 3.54 | 7.70
cur_loc: (-34.27, 16.12) | 2.83 | 7.48
cur_loc: (-34.77, 15.62) | 2.12 | 7.32
cur_loc: (-37.27, 19.12) | 3.83 | 7.30
cur_loc: (-37.27, 15.62) | 1.21 | 7.25
cur_loc: (-37.27, 18.12) | 3.12 | 7.16
cur_loc: (-37.27, 18.62) | 3.33 | 7.05
cur_loc: (-33.77, 17.12) | 4.04 | 6.97
cur_loc: (-34.27, 16.62) | 2.62 | 6.75
cur_loc: (-33.77, 17.62) | 3.83 | 6.66
cur_loc: (-36.77, 19.12) | 3.62 | 6.62
cur_loc: (-34.77, 16.12) | 1.91 | 6.59
cur_loc: (-36.77, 15.62) | 0.71 | 6.50
cur_loc: (-35.27, 15.62) | 1.21 | 6.48

cur_state: (-35.27, 15.62) | 1.21 | 6.48
-------simple queue---------
cur_loc: (-33.77, 16.62) | 3.54 | 7.70
cur_loc: (-34.27, 16.12) | 2.83 | 7.48
cur_loc: (-34.77, 15.62) | 2.12 | 7.32
cur_loc: (-37.27, 17.62) | 3.33 | 7.30
cur_loc: (-37.27, 19.12) | 3.83 | 7.30
cur_loc: (-37.27, 15.62) | 1.21 | 7.25
cur_loc: (-37.27, 18.12) | 3.12 | 7.16
cur_loc: (-37.27, 18.62) | 3.33 | 7.05
cur_loc: (-33.77, 17.12) | 4.04 | 6.97
cur_loc: (-34.27, 16.62) | 2.62 | 6.75
cur_loc: (-33.77, 17.62) | 3.83 | 6.66
cur_loc: (-36.77, 19.12) | 3.62 | 6.62
cur_loc: (-34.77, 16.12) | 1.91 | 6.59
cur_loc: (-36.77, 15.62) | 0.71 | 6.50

cur_state: (-36.77, 15.62) | 0.71 | 6.50
-------simple queue---------
cur_loc: (-33.77, 16.62) | 3.54 | 7.70
cur_loc: (-34.27, 16.12) | 2.83 | 7.48
cur_loc: (-37.27, 17.62) | 3.33 | 7.30
cur_loc: (-37.27, 19.12) | 3.83 | 7.30
cur_loc: (-37.27, 15.62) | 1.21 | 7.25
cur_loc: (-37.27, 18.12) | 3.12 | 7.16
cur_loc: (-37.27, 18.62) | 3.33 | 7.05
cur_loc: (-33.77, 17.12) | 4.04 | 6.97
cur_loc: (-34.77, 15.62) | 2.12 | 6.91
cur_loc: (-34.27, 16.62) | 2.62 | 6.75
cur_loc: (-33.77, 17.62) | 3.83 | 6.66
cur_loc: (-36.77, 19.12) | 3.62 | 6.62
cur_loc: (-34.77, 16.12) | 1.91 | 6.59

cur_state: (-34.77, 16.12) | 1.91 | 6.59
-------simple queue---------
cur_loc: (-33.77, 16.62) | 3.54 | 7.70
cur_loc: (-34.27, 16.12) | 2.83 | 7.48
cur_loc: (-37.27, 17.62) | 3.33 | 7.30
cur_loc: (-37.27, 19.12) | 3.83 | 7.30
cur_loc: (-37.27, 15.62) | 1.21 | 7.25
cur_loc: (-37.27, 18.12) | 3.12 | 7.16
cur_loc: (-37.27, 18.62) | 3.33 | 7.05
cur_loc: (-33.77, 17.12) | 4.04 | 6.97
cur_loc: (-34.77, 15.62) | 2.12 | 6.91
cur_loc: (-34.27, 16.62) | 2.62 | 6.75
cur_loc: (-33.77, 17.62) | 3.83 | 6.66
cur_loc: (-36.77, 19.12) | 3.62 | 6.62

cur_state: (-36.77, 19.12) | 3.62 | 6.62
-------simple queue---------
cur_loc: (-34.27, 15.62) | 2.62 | 7.80
cur_loc: (-33.77, 16.62) | 3.54 | 7.70
cur_loc: (-37.27, 17.62) | 3.33 | 7.30
cur_loc: (-37.27, 19.12) | 3.83 | 7.30
cur_loc: (-37.27, 15.62) | 1.21 | 7.25
cur_loc: (-37.27, 18.12) | 3.12 | 7.16
cur_loc: (-34.27, 16.12) | 2.83 | 7.06
cur_loc: (-37.27, 18.62) | 3.33 | 7.05
cur_loc: (-33.77, 17.12) | 4.04 | 6.97
cur_loc: (-34.77, 15.62) | 2.12 | 6.91
cur_loc: (-34.27, 16.62) | 2.62 | 6.75
cur_loc: (-33.77, 17.62) | 3.83 | 6.66

cur_state: (-33.77, 17.62) | 3.83 | 6.95
-------simple queue---------
cur_loc: (-34.27, 15.62) | 2.62 | 7.80
cur_loc: (-33.77, 16.62) | 3.54 | 7.70
cur_loc: (-37.27, 17.62) | 3.33 | 7.30
cur_loc: (-37.27, 19.12) | 3.83 | 7.30
cur_loc: (-37.27, 15.62) | 1.21 | 7.25
cur_loc: (-37.27, 18.12) | 3.12 | 7.16
cur_loc: (-34.27, 16.12) | 2.83 | 7.06
cur_loc: (-37.27, 18.62) | 3.33 | 7.05
cur_loc: (-33.77, 17.12) | 4.04 | 6.97
cur_loc: (-34.77, 15.62) | 2.12 | 6.91
cur_loc: (-34.27, 16.62) | 2.62 | 6.75

cur_state: (-34.27, 16.62) | 2.62 | 6.75
-------simple queue---------
cur_loc: (-33.27, 17.12) | 4.54 | 8.29
cur_loc: (-34.27, 15.62) | 2.62 | 7.80
cur_loc: (-33.77, 16.62) | 3.54 | 7.70
cur_loc: (-33.27, 17.62) | 4.33 | 7.58
cur_loc: (-37.27, 17.62) | 3.33 | 7.30
cur_loc: (-37.27, 19.12) | 3.83 | 7.30
cur_loc: (-37.27, 15.62) | 1.21 | 7.25
cur_loc: (-37.27, 18.12) | 3.12 | 7.16
cur_loc: (-34.27, 16.12) | 2.83 | 7.06
cur_loc: (-37.27, 18.62) | 3.33 | 7.05
cur_loc: (-33.77, 17.12) | 4.04 | 6.97
cur_loc: (-34.77, 15.62) | 2.12 | 6.91

cur_state: (-34.77, 15.62) | 2.12 | 7.32
-------simple queue---------
cur_loc: (-33.27, 17.12) | 4.54 | 8.29
cur_loc: (-33.77, 16.12) | 3.33 | 8.01
cur_loc: (-34.27, 15.62) | 2.62 | 7.80
cur_loc: (-33.27, 17.62) | 4.33 | 7.58
cur_loc: (-37.27, 17.62) | 3.33 | 7.30
cur_loc: (-37.27, 19.12) | 3.83 | 7.30
cur_loc: (-33.77, 16.62) | 3.54 | 7.28
cur_loc: (-37.27, 15.62) | 1.21 | 7.25
cur_loc: (-37.27, 18.12) | 3.12 | 7.16
cur_loc: (-34.27, 16.12) | 2.83 | 7.06
cur_loc: (-37.27, 18.62) | 3.33 | 7.05
cur_loc: (-33.77, 17.12) | 4.04 | 6.97

cur_state: (-33.77, 17.12) | 4.04 | 7.68
-------simple queue---------
cur_loc: (-33.27, 17.12) | 4.54 | 8.29
cur_loc: (-33.77, 16.12) | 3.33 | 8.01
cur_loc: (-34.27, 15.62) | 2.62 | 7.80
cur_loc: (-33.27, 17.62) | 4.33 | 7.58
cur_loc: (-37.27, 17.62) | 3.33 | 7.30
cur_loc: (-37.27, 19.12) | 3.83 | 7.30
cur_loc: (-33.77, 16.62) | 3.54 | 7.28
cur_loc: (-37.27, 15.62) | 1.21 | 7.25
cur_loc: (-37.27, 18.12) | 3.12 | 7.16
cur_loc: (-34.27, 16.12) | 2.83 | 7.06
cur_loc: (-37.27, 18.62) | 3.33 | 7.05

cur_state: (-37.27, 18.62) | 3.33 | 7.05
-------simple queue---------
cur_loc: (-33.27, 16.62) | 4.74 | 9.00
cur_loc: (-33.27, 17.12) | 4.54 | 8.29
cur_loc: (-33.77, 16.12) | 3.33 | 8.01
cur_loc: (-34.27, 15.62) | 2.62 | 7.80
cur_loc: (-33.27, 17.62) | 4.33 | 7.58
cur_loc: (-37.27, 17.62) | 3.33 | 7.30
cur_loc: (-37.27, 19.12) | 3.83 | 7.30
cur_loc: (-33.77, 16.62) | 3.54 | 7.28
cur_loc: (-37.27, 15.62) | 1.21 | 7.25
cur_loc: (-37.27, 18.12) | 3.12 | 7.16
cur_loc: (-34.27, 16.12) | 2.83 | 7.06

cur_state: (-34.27, 16.12) | 2.83 | 7.48
-------simple queue---------
cur_loc: (-33.27, 16.62) | 4.74 | 9.00
cur_loc: (-37.77, 18.12) | 4.04 | 8.49
cur_loc: (-33.27, 17.12) | 4.54 | 8.29
cur_loc: (-33.77, 16.12) | 3.33 | 8.01
cur_loc: (-37.77, 18.62) | 3.83 | 8.00
cur_loc: (-37.77, 19.12) | 4.04 | 7.98
cur_loc: (-34.27, 15.62) | 2.62 | 7.80
cur_loc: (-33.27, 17.62) | 4.33 | 7.58
cur_loc: (-37.27, 17.62) | 3.33 | 7.30
cur_loc: (-37.27, 19.12) | 3.83 | 7.30
cur_loc: (-33.77, 16.62) | 3.54 | 7.28
cur_loc: (-37.27, 15.62) | 1.21 | 7.25
cur_loc: (-37.27, 18.12) | 3.12 | 7.16

cur_state: (-37.27, 18.12) | 3.12 | 7.16
-------simple queue---------
cur_loc: (-33.27, 16.62) | 4.74 | 9.00
cur_loc: (-33.77, 15.62) | 3.54 | 8.74
cur_loc: (-37.77, 18.12) | 4.04 | 8.49
cur_loc: (-33.27, 17.12) | 4.54 | 8.29
cur_loc: (-33.77, 16.12) | 3.33 | 8.01
cur_loc: (-37.77, 18.62) | 3.83 | 8.00
cur_loc: (-37.77, 19.12) | 4.04 | 7.98
cur_loc: (-34.27, 15.62) | 2.62 | 7.80
cur_loc: (-33.27, 17.62) | 4.33 | 7.58
cur_loc: (-37.27, 17.62) | 3.33 | 7.30
cur_loc: (-37.27, 19.12) | 3.83 | 7.30
cur_loc: (-33.77, 16.62) | 3.54 | 7.28
cur_loc: (-37.27, 15.62) | 1.21 | 7.25

cur_state: (-37.27, 15.62) | 1.21 | 7.25
-------simple queue---------
cur_loc: (-33.27, 16.62) | 4.74 | 9.00
cur_loc: (-33.77, 15.62) | 3.54 | 8.74
cur_loc: (-37.77, 17.62) | 3.83 | 8.60
cur_loc: (-33.27, 17.12) | 4.54 | 8.29
cur_loc: (-37.77, 18.12) | 4.04 | 8.08
cur_loc: (-33.77, 16.12) | 3.33 | 8.01
cur_loc: (-37.77, 18.62) | 3.83 | 8.00
cur_loc: (-37.77, 19.12) | 4.04 | 7.98
cur_loc: (-34.27, 15.62) | 2.62 | 7.80
cur_loc: (-33.27, 17.62) | 4.33 | 7.58
cur_loc: (-37.27, 17.62) | 3.33 | 7.30
cur_loc: (-37.27, 19.12) | 3.83 | 7.30
cur_loc: (-33.77, 16.62) | 3.54 | 7.28

cur_state: (-33.77, 16.62) | 3.54 | 7.70
-------simple queue---------
cur_loc: (-33.27, 16.62) | 4.74 | 9.00
cur_loc: (-33.77, 15.62) | 3.54 | 8.74
cur_loc: (-37.77, 17.62) | 3.83 | 8.60
cur_loc: (-33.27, 17.12) | 4.54 | 8.29
cur_loc: (-37.77, 18.12) | 4.04 | 8.08
cur_loc: (-37.77, 15.62) | 1.71 | 8.04
cur_loc: (-33.77, 16.12) | 3.33 | 8.01
cur_loc: (-37.77, 18.62) | 3.83 | 8.00
cur_loc: (-37.77, 19.12) | 4.04 | 7.98
cur_loc: (-37.77, 16.12) | 1.91 | 7.83
cur_loc: (-34.27, 15.62) | 2.62 | 7.80
cur_loc: (-33.27, 17.62) | 4.33 | 7.58
cur_loc: (-37.27, 17.62) | 3.33 | 7.30
cur_loc: (-37.27, 19.12) | 3.83 | 7.30

cur_state: (-37.27, 19.12) | 3.83 | 7.30
-------simple queue---------
cur_loc: (-33.27, 16.12) | 4.24 | 9.01
cur_loc: (-33.77, 15.62) | 3.54 | 8.74
cur_loc: (-37.77, 17.62) | 3.83 | 8.60
cur_loc: (-33.27, 16.62) | 4.74 | 8.30
cur_loc: (-37.77, 18.12) | 4.04 | 8.08
cur_loc: (-37.77, 15.62) | 1.71 | 8.04
cur_loc: (-33.77, 16.12) | 3.33 | 8.01
cur_loc: (-37.77, 18.62) | 3.83 | 8.00
cur_loc: (-33.27, 17.12) | 4.54 | 8.00
cur_loc: (-37.77, 19.12) | 4.04 | 7.98
cur_loc: (-37.77, 16.12) | 1.91 | 7.83
cur_loc: (-34.27, 15.62) | 2.62 | 7.80
cur_loc: (-33.27, 17.62) | 4.33 | 7.58
cur_loc: (-37.27, 17.62) | 3.33 | 7.30

cur_state: (-37.27, 17.62) | 3.33 | 7.71
-------simple queue---------
cur_loc: (-33.27, 16.12) | 4.24 | 9.01
cur_loc: (-33.77, 15.62) | 3.54 | 8.74
cur_loc: (-37.77, 17.62) | 3.83 | 8.60
cur_loc: (-33.27, 16.62) | 4.74 | 8.30
cur_loc: (-37.77, 18.12) | 4.04 | 8.08
cur_loc: (-37.77, 15.62) | 1.71 | 8.04
cur_loc: (-33.77, 16.12) | 3.33 | 8.01
cur_loc: (-37.77, 18.62) | 3.83 | 8.00
cur_loc: (-33.27, 17.12) | 4.54 | 8.00
cur_loc: (-37.77, 19.12) | 4.04 | 7.98
cur_loc: (-37.77, 16.12) | 1.91 | 7.83
cur_loc: (-34.27, 15.62) | 2.62 | 7.80
cur_loc: (-33.27, 17.62) | 4.33 | 7.58

cur_state: (-33.27, 17.62) | 4.33 | 7.58
-------simple queue---------
cur_loc: (-33.27, 16.12) | 4.24 | 9.01
cur_loc: (-33.77, 15.62) | 3.54 | 8.74
cur_loc: (-37.77, 17.62) | 3.83 | 8.60
cur_loc: (-33.27, 16.62) | 4.74 | 8.30
cur_loc: (-37.77, 18.12) | 4.04 | 8.08
cur_loc: (-37.77, 15.62) | 1.71 | 8.04
cur_loc: (-33.77, 16.12) | 3.33 | 8.01
cur_loc: (-37.77, 18.62) | 3.83 | 8.00
cur_loc: (-33.27, 17.12) | 4.54 | 8.00
cur_loc: (-37.77, 19.12) | 4.04 | 7.98
cur_loc: (-37.77, 16.12) | 1.91 | 7.83
cur_loc: (-34.27, 15.62) | 2.62 | 7.80

cur_state: (-34.27, 15.62) | 2.62 | 7.80
-------simple queue---------
cur_loc: (-33.27, 16.12) | 4.24 | 9.01
cur_loc: (-32.77, 17.12) | 5.04 | 8.97
cur_loc: (-33.77, 15.62) | 3.54 | 8.74
cur_loc: (-37.77, 17.62) | 3.83 | 8.60
cur_loc: (-33.27, 16.62) | 4.74 | 8.30
cur_loc: (-32.77, 17.62) | 4.83 | 8.29
cur_loc: (-37.77, 18.12) | 4.04 | 8.08
cur_loc: (-37.77, 15.62) | 1.71 | 8.04
cur_loc: (-33.77, 16.12) | 3.33 | 8.01
cur_loc: (-37.77, 18.62) | 3.83 | 8.00
cur_loc: (-33.27, 17.12) | 4.54 | 8.00
cur_loc: (-37.77, 19.12) | 4.04 | 7.98
cur_loc: (-37.77, 16.12) | 1.91 | 7.83

cur_state: (-37.77, 16.12) | 1.91 | 7.83
-------simple queue---------
cur_loc: (-33.27, 16.12) | 4.24 | 9.01
cur_loc: (-32.77, 17.12) | 5.04 | 8.97
cur_loc: (-37.77, 17.62) | 3.83 | 8.60
cur_loc: (-33.77, 15.62) | 3.54 | 8.32
cur_loc: (-33.27, 16.62) | 4.74 | 8.30
cur_loc: (-32.77, 17.62) | 4.83 | 8.29
cur_loc: (-37.77, 18.12) | 4.04 | 8.08
cur_loc: (-37.77, 15.62) | 1.71 | 8.04
cur_loc: (-33.77, 16.12) | 3.33 | 8.01
cur_loc: (-37.77, 18.62) | 3.83 | 8.00
cur_loc: (-33.27, 17.12) | 4.54 | 8.00
cur_loc: (-37.77, 19.12) | 4.04 | 7.98

cur_state: (-37.77, 19.12) | 4.04 | 7.98
-------simple queue---------
cur_loc: (-38.27, 15.62) | 2.62 | 9.27
cur_loc: (-33.27, 16.12) | 4.24 | 9.01
cur_loc: (-32.77, 17.12) | 5.04 | 8.97
cur_loc: (-38.27, 16.12) | 2.41 | 8.66
cur_loc: (-37.77, 17.62) | 3.83 | 8.60
cur_loc: (-33.77, 15.62) | 3.54 | 8.32
cur_loc: (-33.27, 16.62) | 4.74 | 8.30
cur_loc: (-32.77, 17.62) | 4.83 | 8.29
cur_loc: (-37.77, 18.12) | 4.04 | 8.08
cur_loc: (-37.77, 15.62) | 1.71 | 8.04
cur_loc: (-33.77, 16.12) | 3.33 | 8.01
cur_loc: (-37.77, 18.62) | 3.83 | 8.00
cur_loc: (-33.27, 17.12) | 4.54 | 8.00

cur_state: (-33.27, 17.12) | 4.54 | 8.29
-------simple queue---------
cur_loc: (-38.27, 18.62) | 4.74 | 9.38
cur_loc: (-38.27, 15.62) | 2.62 | 9.27
cur_loc: (-33.27, 16.12) | 4.24 | 9.01
cur_loc: (-38.27, 19.12) | 4.54 | 8.97
cur_loc: (-32.77, 17.12) | 5.04 | 8.97
cur_loc: (-38.27, 16.12) | 2.41 | 8.66
cur_loc: (-37.77, 17.62) | 3.83 | 8.60
cur_loc: (-33.77, 15.62) | 3.54 | 8.32
cur_loc: (-33.27, 16.62) | 4.74 | 8.30
cur_loc: (-32.77, 17.62) | 4.83 | 8.29
cur_loc: (-37.77, 18.12) | 4.04 | 8.08
cur_loc: (-37.77, 15.62) | 1.71 | 8.04
cur_loc: (-33.77, 16.12) | 3.33 | 8.01
cur_loc: (-37.77, 18.62) | 3.83 | 8.00

cur_state: (-37.77, 18.62) | 3.83 | 8.00
-------simple queue---------
cur_loc: (-32.77, 16.62) | 5.24 | 9.67
cur_loc: (-38.27, 18.62) | 4.74 | 9.38
cur_loc: (-38.27, 15.62) | 2.62 | 9.27
cur_loc: (-33.27, 16.12) | 4.24 | 9.01
cur_loc: (-38.27, 19.12) | 4.54 | 8.97
cur_loc: (-32.77, 17.12) | 5.04 | 8.97
cur_loc: (-38.27, 16.12) | 2.41 | 8.66
cur_loc: (-37.77, 17.62) | 3.83 | 8.60
cur_loc: (-33.77, 15.62) | 3.54 | 8.32
cur_loc: (-33.27, 16.62) | 4.74 | 8.30
cur_loc: (-32.77, 17.62) | 4.83 | 8.29
cur_loc: (-37.77, 18.12) | 4.04 | 8.08
cur_loc: (-37.77, 15.62) | 1.71 | 8.04
cur_loc: (-33.77, 16.12) | 3.33 | 8.01

cur_state: (-33.77, 16.12) | 3.33 | 8.01
-------simple queue---------
cur_loc: (-32.77, 16.62) | 5.24 | 9.67
cur_loc: (-38.27, 18.12) | 4.54 | 9.43
cur_loc: (-38.27, 15.62) | 2.62 | 9.27
cur_loc: (-33.27, 16.12) | 4.24 | 9.01
cur_loc: (-38.27, 19.12) | 4.54 | 8.97
cur_loc: (-32.77, 17.12) | 5.04 | 8.97
cur_loc: (-38.27, 18.62) | 4.74 | 8.97
cur_loc: (-38.27, 16.12) | 2.41 | 8.66
cur_loc: (-37.77, 17.62) | 3.83 | 8.60
cur_loc: (-33.77, 15.62) | 3.54 | 8.32
cur_loc: (-33.27, 16.62) | 4.74 | 8.30
cur_loc: (-32.77, 17.62) | 4.83 | 8.29
cur_loc: (-37.77, 18.12) | 4.04 | 8.08
cur_loc: (-37.77, 15.62) | 1.71 | 8.04

cur_state: (-37.77, 15.62) | 1.71 | 8.04
-------simple queue---------
cur_loc: (-32.77, 16.62) | 5.24 | 9.67
cur_loc: (-38.27, 18.12) | 4.54 | 9.43
cur_loc: (-33.27, 15.62) | 4.04 | 9.32
cur_loc: (-38.27, 15.62) | 2.62 | 9.27
cur_loc: (-38.27, 19.12) | 4.54 | 8.97
cur_loc: (-32.77, 17.12) | 5.04 | 8.97
cur_loc: (-38.27, 18.62) | 4.74 | 8.97
cur_loc: (-38.27, 16.12) | 2.41 | 8.66
cur_loc: (-37.77, 17.62) | 3.83 | 8.60
cur_loc: (-33.27, 16.12) | 4.24 | 8.60
cur_loc: (-33.77, 15.62) | 3.54 | 8.32
cur_loc: (-33.27, 16.62) | 4.74 | 8.30
cur_loc: (-32.77, 17.62) | 4.83 | 8.29
cur_loc: (-37.77, 18.12) | 4.04 | 8.08

cur_state: (-37.77, 18.12) | 4.04 | 8.49
-------simple queue---------
cur_loc: (-32.77, 16.62) | 5.24 | 9.67
cur_loc: (-38.27, 18.12) | 4.54 | 9.43
cur_loc: (-33.27, 15.62) | 4.04 | 9.32
cur_loc: (-38.27, 19.12) | 4.54 | 8.97
cur_loc: (-32.77, 17.12) | 5.04 | 8.97
cur_loc: (-38.27, 18.62) | 4.74 | 8.97
cur_loc: (-38.27, 15.62) | 2.62 | 8.86
cur_loc: (-38.27, 16.12) | 2.41 | 8.66
cur_loc: (-37.77, 17.62) | 3.83 | 8.60
cur_loc: (-33.27, 16.12) | 4.24 | 8.60
cur_loc: (-33.77, 15.62) | 3.54 | 8.32
cur_loc: (-33.27, 16.62) | 4.74 | 8.30
cur_loc: (-32.77, 17.62) | 4.83 | 8.29

cur_state: (-32.77, 17.62) | 4.83 | 8.29
-------simple queue---------
cur_loc: (-38.27, 17.62) | 4.74 | 9.93
cur_loc: (-32.77, 16.62) | 5.24 | 9.67
cur_loc: (-38.27, 18.12) | 4.54 | 9.43
cur_loc: (-33.27, 15.62) | 4.04 | 9.32
cur_loc: (-38.27, 19.12) | 4.54 | 8.97
cur_loc: (-32.77, 17.12) | 5.04 | 8.97
cur_loc: (-38.27, 18.62) | 4.74 | 8.97
cur_loc: (-38.27, 15.62) | 2.62 | 8.86
cur_loc: (-38.27, 16.12) | 2.41 | 8.66
cur_loc: (-37.77, 17.62) | 3.83 | 8.60
cur_loc: (-33.27, 16.12) | 4.24 | 8.60
cur_loc: (-33.77, 15.62) | 3.54 | 8.32
cur_loc: (-33.27, 16.62) | 4.74 | 8.30

cur_state: (-33.27, 16.62) | 4.74 | 9.00
-------simple queue---------
cur_loc: (-38.27, 17.62) | 4.74 | 9.93
cur_loc: (-32.27, 17.12) | 5.54 | 9.71
cur_loc: (-32.77, 16.62) | 5.24 | 9.67
cur_loc: (-38.27, 18.12) | 4.54 | 9.43
cur_loc: (-33.27, 15.62) | 4.04 | 9.32
cur_loc: (-32.27, 17.62) | 5.33 | 9.06
cur_loc: (-38.27, 19.12) | 4.54 | 8.97
cur_loc: (-32.77, 17.12) | 5.04 | 8.97
cur_loc: (-38.27, 18.62) | 4.74 | 8.97
cur_loc: (-38.27, 15.62) | 2.62 | 8.86
cur_loc: (-38.27, 16.12) | 2.41 | 8.66
cur_loc: (-37.77, 17.62) | 3.83 | 8.60
cur_loc: (-33.27, 16.12) | 4.24 | 8.60
cur_loc: (-33.77, 15.62) | 3.54 | 8.32

cur_state: (-33.77, 15.62) | 3.54 | 8.74
-------simple queue---------
cur_loc: (-32.77, 16.12) | 5.45 | 10.37
cur_loc: (-38.27, 17.62) | 4.74 | 9.93
cur_loc: (-32.27, 17.12) | 5.54 | 9.71
cur_loc: (-32.77, 16.62) | 5.24 | 9.67
cur_loc: (-38.27, 18.12) | 4.54 | 9.43
cur_loc: (-33.27, 15.62) | 4.04 | 9.32
cur_loc: (-32.27, 17.62) | 5.33 | 9.06
cur_loc: (-38.27, 19.12) | 4.54 | 8.97
cur_loc: (-32.77, 17.12) | 5.04 | 8.97
cur_loc: (-38.27, 18.62) | 4.74 | 8.97
cur_loc: (-38.27, 15.62) | 2.62 | 8.86
cur_loc: (-38.27, 16.12) | 2.41 | 8.66
cur_loc: (-37.77, 17.62) | 3.83 | 8.60
cur_loc: (-33.27, 16.12) | 4.24 | 8.60

cur_state: (-33.27, 16.12) | 4.24 | 9.01
-------simple queue---------
cur_loc: (-32.77, 16.12) | 5.45 | 10.37
cur_loc: (-38.27, 17.62) | 4.74 | 9.93
cur_loc: (-32.27, 17.12) | 5.54 | 9.71
cur_loc: (-32.77, 16.62) | 5.24 | 9.67
cur_loc: (-38.27, 18.12) | 4.54 | 9.43
cur_loc: (-33.27, 15.62) | 4.04 | 9.32
cur_loc: (-32.27, 17.62) | 5.33 | 9.06
cur_loc: (-38.27, 19.12) | 4.54 | 8.97
cur_loc: (-32.77, 17.12) | 5.04 | 8.97
cur_loc: (-38.27, 18.62) | 4.74 | 8.97
cur_loc: (-38.27, 15.62) | 2.62 | 8.86
cur_loc: (-38.27, 16.12) | 2.41 | 8.66
cur_loc: (-37.77, 17.62) | 3.83 | 8.60

cur_state: (-37.77, 17.62) | 3.83 | 8.60
-------simple queue---------
cur_loc: (-32.77, 15.62) | 4.95 | 10.36
cur_loc: (-38.27, 17.62) | 4.74 | 9.93
cur_loc: (-32.27, 17.12) | 5.54 | 9.71
cur_loc: (-32.77, 16.12) | 5.45 | 9.66
cur_loc: (-38.27, 18.12) | 4.54 | 9.43
cur_loc: (-32.77, 16.62) | 5.24 | 9.37
cur_loc: (-33.27, 15.62) | 4.04 | 9.32
cur_loc: (-32.27, 17.62) | 5.33 | 9.06
cur_loc: (-38.27, 19.12) | 4.54 | 8.97
cur_loc: (-32.77, 17.12) | 5.04 | 8.97
cur_loc: (-38.27, 18.62) | 4.74 | 8.97
cur_loc: (-38.27, 15.62) | 2.62 | 8.86
cur_loc: (-38.27, 16.12) | 2.41 | 8.66

cur_state: (-38.27, 16.12) | 2.41 | 8.66
-------simple queue---------
cur_loc: (-32.77, 15.62) | 4.95 | 10.36
cur_loc: (-32.27, 17.12) | 5.54 | 9.71
cur_loc: (-32.77, 16.12) | 5.45 | 9.66
cur_loc: (-38.27, 17.62) | 4.74 | 9.51
cur_loc: (-38.27, 18.12) | 4.54 | 9.43
cur_loc: (-32.77, 16.62) | 5.24 | 9.37
cur_loc: (-33.27, 15.62) | 4.04 | 9.32
cur_loc: (-32.27, 17.62) | 5.33 | 9.06
cur_loc: (-38.27, 19.12) | 4.54 | 8.97
cur_loc: (-32.77, 17.12) | 5.04 | 8.97
cur_loc: (-38.27, 18.62) | 4.74 | 8.97
cur_loc: (-38.27, 15.62) | 2.62 | 8.86

cur_state: (-38.27, 15.62) | 2.62 | 9.27
-------simple queue---------
cur_loc: (-32.77, 15.62) | 4.95 | 10.36
cur_loc: (-38.77, 15.62) | 3.12 | 10.11
cur_loc: (-32.27, 17.12) | 5.54 | 9.71
cur_loc: (-32.77, 16.12) | 5.45 | 9.66
cur_loc: (-38.77, 16.12) | 2.91 | 9.53
cur_loc: (-38.27, 17.62) | 4.74 | 9.51
cur_loc: (-38.27, 18.12) | 4.54 | 9.43
cur_loc: (-32.77, 16.62) | 5.24 | 9.37
cur_loc: (-33.27, 15.62) | 4.04 | 9.32
cur_loc: (-32.27, 17.62) | 5.33 | 9.06
cur_loc: (-38.27, 19.12) | 4.54 | 8.97
cur_loc: (-32.77, 17.12) | 5.04 | 8.97
cur_loc: (-38.27, 18.62) | 4.74 | 8.97

cur_state: (-38.27, 18.62) | 4.74 | 9.38
-------simple queue---------
cur_loc: (-32.77, 15.62) | 4.95 | 10.36
cur_loc: (-38.77, 15.62) | 3.12 | 10.11
cur_loc: (-32.27, 17.12) | 5.54 | 9.71
cur_loc: (-32.77, 16.12) | 5.45 | 9.66
cur_loc: (-38.77, 16.12) | 2.91 | 9.53
cur_loc: (-38.27, 17.62) | 4.74 | 9.51
cur_loc: (-38.27, 18.12) | 4.54 | 9.43
cur_loc: (-32.77, 16.62) | 5.24 | 9.37
cur_loc: (-33.27, 15.62) | 4.04 | 9.32
cur_loc: (-32.27, 17.62) | 5.33 | 9.06
cur_loc: (-38.27, 19.12) | 4.54 | 8.97
cur_loc: (-32.77, 17.12) | 5.04 | 8.97

cur_state: (-32.77, 17.12) | 5.04 | 8.97
-------simple queue---------
cur_loc: (-38.77, 18.12) | 5.45 | 10.80
cur_loc: (-38.77, 19.12) | 5.45 | 10.39
cur_loc: (-32.77, 15.62) | 4.95 | 10.36
cur_loc: (-38.77, 18.62) | 5.24 | 10.36
cur_loc: (-38.77, 15.62) | 3.12 | 10.11
cur_loc: (-32.27, 17.12) | 5.54 | 9.71
cur_loc: (-32.77, 16.12) | 5.45 | 9.66
cur_loc: (-38.77, 16.12) | 2.91 | 9.53
cur_loc: (-38.27, 17.62) | 4.74 | 9.51
cur_loc: (-38.27, 18.12) | 4.54 | 9.43
cur_loc: (-32.77, 16.62) | 5.24 | 9.37
cur_loc: (-33.27, 15.62) | 4.04 | 9.32
cur_loc: (-32.27, 17.62) | 5.33 | 9.06
cur_loc: (-38.27, 19.12) | 4.54 | 8.97

cur_state: (-38.27, 19.12) | 4.54 | 8.97
-------simple queue---------
cur_loc: (-38.77, 18.12) | 5.45 | 10.80
cur_loc: (-38.77, 19.12) | 5.45 | 10.39
cur_loc: (-32.27, 16.62) | 5.74 | 10.38
cur_loc: (-32.77, 15.62) | 4.95 | 10.36
cur_loc: (-38.77, 18.62) | 5.24 | 10.36
cur_loc: (-38.77, 15.62) | 3.12 | 10.11
cur_loc: (-32.27, 17.12) | 5.54 | 9.71
cur_loc: (-32.77, 16.12) | 5.45 | 9.66
cur_loc: (-38.77, 16.12) | 2.91 | 9.53
cur_loc: (-38.27, 17.62) | 4.74 | 9.51
cur_loc: (-38.27, 18.12) | 4.54 | 9.43
cur_loc: (-32.77, 16.62) | 5.24 | 9.37
cur_loc: (-33.27, 15.62) | 4.04 | 9.32
cur_loc: (-32.27, 17.62) | 5.33 | 9.06

cur_state: (-32.27, 17.62) | 5.33 | 9.06
-------simple queue---------
cur_loc: (-38.77, 18.12) | 5.45 | 10.80
cur_loc: (-32.27, 16.62) | 5.74 | 10.38
cur_loc: (-32.77, 15.62) | 4.95 | 10.36
cur_loc: (-38.77, 18.62) | 5.24 | 10.36
cur_loc: (-38.77, 15.62) | 3.12 | 10.11
cur_loc: (-38.77, 19.12) | 5.45 | 9.97
cur_loc: (-32.27, 17.12) | 5.54 | 9.71
cur_loc: (-32.77, 16.12) | 5.45 | 9.66
cur_loc: (-38.77, 16.12) | 2.91 | 9.53
cur_loc: (-38.27, 17.62) | 4.74 | 9.51
cur_loc: (-38.27, 18.12) | 4.54 | 9.43
cur_loc: (-32.77, 16.62) | 5.24 | 9.37
cur_loc: (-33.27, 15.62) | 4.04 | 9.32

cur_state: (-33.27, 15.62) | 4.04 | 9.32
-------simple queue---------
cur_loc: (-38.77, 18.12) | 5.45 | 10.80
cur_loc: (-32.27, 16.62) | 5.74 | 10.38
cur_loc: (-32.77, 15.62) | 4.95 | 10.36
cur_loc: (-38.77, 18.62) | 5.24 | 10.36
cur_loc: (-38.77, 15.62) | 3.12 | 10.11
cur_loc: (-38.77, 19.12) | 5.45 | 9.97
cur_loc: (-32.27, 17.12) | 5.54 | 9.71
cur_loc: (-32.77, 16.12) | 5.45 | 9.66
cur_loc: (-38.77, 16.12) | 2.91 | 9.53
cur_loc: (-38.27, 17.62) | 4.74 | 9.51
cur_loc: (-38.27, 18.12) | 4.54 | 9.43
cur_loc: (-32.77, 16.62) | 5.24 | 9.37

cur_state: (-32.77, 16.62) | 5.24 | 9.67
-------simple queue---------
cur_loc: (-38.77, 18.12) | 5.45 | 10.80
cur_loc: (-32.27, 16.62) | 5.74 | 10.38
cur_loc: (-38.77, 18.62) | 5.24 | 10.36
cur_loc: (-38.77, 15.62) | 3.12 | 10.11
cur_loc: (-38.77, 19.12) | 5.45 | 9.97
cur_loc: (-32.77, 15.62) | 4.95 | 9.95
cur_loc: (-32.27, 17.12) | 5.54 | 9.71
cur_loc: (-32.77, 16.12) | 5.45 | 9.66
cur_loc: (-38.77, 16.12) | 2.91 | 9.53
cur_loc: (-38.27, 17.62) | 4.74 | 9.51
cur_loc: (-38.27, 18.12) | 4.54 | 9.43

cur_state: (-38.27, 18.12) | 4.54 | 9.43
-------simple queue---------
cur_loc: (-32.27, 16.12) | 5.95 | 11.06
cur_loc: (-38.77, 18.12) | 5.45 | 10.80
cur_loc: (-32.27, 16.62) | 5.74 | 10.38
cur_loc: (-38.77, 18.62) | 5.24 | 10.36
cur_loc: (-38.77, 15.62) | 3.12 | 10.11
cur_loc: (-38.77, 19.12) | 5.45 | 9.97
cur_loc: (-32.77, 15.62) | 4.95 | 9.95
cur_loc: (-32.27, 17.12) | 5.54 | 9.71
cur_loc: (-32.77, 16.12) | 5.45 | 9.66
cur_loc: (-38.77, 16.12) | 2.91 | 9.53
cur_loc: (-38.27, 17.62) | 4.74 | 9.51

cur_state: (-38.27, 17.62) | 4.74 | 9.93
-------simple queue---------
cur_loc: (-32.27, 16.12) | 5.95 | 11.06
cur_loc: (-38.77, 17.62) | 5.24 | 10.86
cur_loc: (-38.77, 18.12) | 5.45 | 10.38
cur_loc: (-32.27, 16.62) | 5.74 | 10.38
cur_loc: (-38.77, 18.62) | 5.24 | 10.36
cur_loc: (-38.77, 15.62) | 3.12 | 10.11
cur_loc: (-38.77, 19.12) | 5.45 | 9.97
cur_loc: (-32.77, 15.62) | 4.95 | 9.95
cur_loc: (-32.27, 17.12) | 5.54 | 9.71
cur_loc: (-32.77, 16.12) | 5.45 | 9.66
cur_loc: (-38.77, 16.12) | 2.91 | 9.53

cur_state: (-38.77, 16.12) | 2.91 | 9.53
-------simple queue---------
cur_loc: (-32.27, 16.12) | 5.95 | 11.06
cur_loc: (-38.77, 17.62) | 5.24 | 10.86
cur_loc: (-38.77, 18.12) | 5.45 | 10.38
cur_loc: (-32.27, 16.62) | 5.74 | 10.38
cur_loc: (-38.77, 18.62) | 5.24 | 10.36
cur_loc: (-38.77, 15.62) | 3.12 | 10.11
cur_loc: (-38.77, 19.12) | 5.45 | 9.97
cur_loc: (-32.77, 15.62) | 4.95 | 9.95
cur_loc: (-32.27, 17.12) | 5.54 | 9.71
cur_loc: (-32.77, 16.12) | 5.45 | 9.66

cur_state: (-32.77, 16.12) | 5.45 | 10.37
-------simple queue---------
cur_loc: (-32.27, 16.12) | 5.95 | 11.06
cur_loc: (-39.27, 15.62) | 3.62 | 10.98
cur_loc: (-38.77, 17.62) | 5.24 | 10.86
cur_loc: (-39.27, 16.12) | 3.41 | 10.41
cur_loc: (-38.77, 18.12) | 5.45 | 10.38
cur_loc: (-32.27, 16.62) | 5.74 | 10.38
cur_loc: (-38.77, 18.62) | 5.24 | 10.36
cur_loc: (-38.77, 15.62) | 3.12 | 10.11
cur_loc: (-38.77, 19.12) | 5.45 | 9.97
cur_loc: (-32.77, 15.62) | 4.95 | 9.95
cur_loc: (-32.27, 17.12) | 5.54 | 9.71

cur_state: (-32.27, 17.12) | 5.54 | 9.71
-------simple queue---------
cur_loc: (-32.27, 15.62) | 6.16 | 11.75
cur_loc: (-32.27, 16.12) | 5.95 | 11.06
cur_loc: (-39.27, 15.62) | 3.62 | 10.98
cur_loc: (-38.77, 17.62) | 5.24 | 10.86
cur_loc: (-39.27, 16.12) | 3.41 | 10.41
cur_loc: (-38.77, 18.12) | 5.45 | 10.38
cur_loc: (-32.27, 16.62) | 5.74 | 10.38
cur_loc: (-38.77, 18.62) | 5.24 | 10.36
cur_loc: (-38.77, 15.62) | 3.12 | 10.11
cur_loc: (-38.77, 19.12) | 5.45 | 9.97
cur_loc: (-32.77, 15.62) | 4.95 | 9.95

cur_state: (-32.77, 15.62) | 4.95 | 10.36
-------simple queue---------
cur_loc: (-32.27, 15.62) | 6.16 | 11.75
cur_loc: (-32.27, 16.12) | 5.95 | 11.06
cur_loc: (-39.27, 15.62) | 3.62 | 10.98
cur_loc: (-38.77, 17.62) | 5.24 | 10.86
cur_loc: (-39.27, 16.12) | 3.41 | 10.41
cur_loc: (-38.77, 18.12) | 5.45 | 10.38
cur_loc: (-32.27, 16.62) | 5.74 | 10.38
cur_loc: (-38.77, 18.62) | 5.24 | 10.36
cur_loc: (-38.77, 15.62) | 3.12 | 10.11
cur_loc: (-38.77, 19.12) | 5.45 | 9.97

cur_state: (-38.77, 19.12) | 5.45 | 10.39
-------simple queue---------
cur_loc: (-32.27, 15.62) | 6.16 | 11.04
cur_loc: (-39.27, 15.62) | 3.62 | 10.98
cur_loc: (-38.77, 17.62) | 5.24 | 10.86
cur_loc: (-32.27, 16.12) | 5.95 | 10.77
cur_loc: (-39.27, 16.12) | 3.41 | 10.41
cur_loc: (-38.77, 18.12) | 5.45 | 10.38
cur_loc: (-32.27, 16.62) | 5.74 | 10.38
cur_loc: (-38.77, 18.62) | 5.24 | 10.36
cur_loc: (-38.77, 15.62) | 3.12 | 10.11

cur_state: (-38.77, 15.62) | 3.12 | 10.11
-------simple queue---------
cur_loc: (-39.27, 18.62) | 6.16 | 11.76
cur_loc: (-39.27, 19.12) | 5.95 | 11.39
cur_loc: (-32.27, 15.62) | 6.16 | 11.04
cur_loc: (-39.27, 15.62) | 3.62 | 10.98
cur_loc: (-38.77, 17.62) | 5.24 | 10.86
cur_loc: (-32.27, 16.12) | 5.95 | 10.77
cur_loc: (-39.27, 16.12) | 3.41 | 10.41
cur_loc: (-38.77, 18.12) | 5.45 | 10.38
cur_loc: (-32.27, 16.62) | 5.74 | 10.38
cur_loc: (-38.77, 18.62) | 5.24 | 10.36

cur_state: (-38.77, 18.62) | 5.24 | 10.36
-------simple queue---------
cur_loc: (-39.27, 18.62) | 6.16 | 11.76
cur_loc: (-39.27, 19.12) | 5.95 | 11.39
cur_loc: (-32.27, 15.62) | 6.16 | 11.04
cur_loc: (-39.27, 15.62) | 3.62 | 10.98
cur_loc: (-38.77, 17.62) | 5.24 | 10.86
cur_loc: (-32.27, 16.12) | 5.95 | 10.77
cur_loc: (-39.27, 16.12) | 3.41 | 10.41
cur_loc: (-38.77, 18.12) | 5.45 | 10.38
cur_loc: (-32.27, 16.62) | 5.74 | 10.38

cur_state: (-32.27, 16.62) | 5.74 | 10.38
-------simple queue---------
cur_loc: (-39.27, 18.12) | 5.95 | 11.77
cur_loc: (-39.27, 19.12) | 5.95 | 11.39
cur_loc: (-39.27, 18.62) | 6.16 | 11.35
cur_loc: (-32.27, 15.62) | 6.16 | 11.04
cur_loc: (-39.27, 15.62) | 3.62 | 10.98
cur_loc: (-38.77, 17.62) | 5.24 | 10.86
cur_loc: (-32.27, 16.12) | 5.95 | 10.77
cur_loc: (-39.27, 16.12) | 3.41 | 10.41
cur_loc: (-38.77, 18.12) | 5.45 | 10.38

cur_state: (-38.77, 18.12) | 5.45 | 10.80
-------simple queue---------
cur_loc: (-31.77, 16.12) | 6.45 | 11.80
cur_loc: (-39.27, 18.12) | 5.95 | 11.77
cur_loc: (-39.27, 19.12) | 5.95 | 11.39
cur_loc: (-39.27, 18.62) | 6.16 | 11.35
cur_loc: (-32.27, 15.62) | 6.16 | 11.04
cur_loc: (-39.27, 15.62) | 3.62 | 10.98
cur_loc: (-38.77, 17.62) | 5.24 | 10.86
cur_loc: (-32.27, 16.12) | 5.95 | 10.77
cur_loc: (-39.27, 16.12) | 3.41 | 10.41

cur_state: (-39.27, 16.12) | 3.41 | 10.41
-------simple queue---------
cur_loc: (-39.27, 17.62) | 6.16 | 12.22
cur_loc: (-31.77, 16.12) | 6.45 | 11.80
cur_loc: (-39.27, 18.12) | 5.95 | 11.77
cur_loc: (-39.27, 19.12) | 5.95 | 11.39
cur_loc: (-39.27, 18.62) | 6.16 | 11.35
cur_loc: (-32.27, 15.62) | 6.16 | 11.04
cur_loc: (-39.27, 15.62) | 3.62 | 10.98
cur_loc: (-38.77, 17.62) | 5.24 | 10.86
cur_loc: (-32.27, 16.12) | 5.95 | 10.77

cur_state: (-32.27, 16.12) | 5.95 | 11.06
-------simple queue---------
cur_loc: (-39.27, 17.62) | 6.16 | 12.22
cur_loc: (-39.77, 15.62) | 4.12 | 11.86
cur_loc: (-31.77, 16.12) | 6.45 | 11.80
cur_loc: (-39.27, 18.12) | 5.95 | 11.77
cur_loc: (-39.27, 19.12) | 5.95 | 11.39
cur_loc: (-39.27, 18.62) | 6.16 | 11.35
cur_loc: (-39.77, 16.12) | 3.91 | 11.31
cur_loc: (-32.27, 15.62) | 6.16 | 11.04
cur_loc: (-39.27, 15.62) | 3.62 | 10.98
cur_loc: (-38.77, 17.62) | 5.24 | 10.86

cur_state: (-38.77, 17.62) | 5.24 | 10.86
-------simple queue---------
cur_loc: (-31.77, 15.62) | 6.66 | 12.47
cur_loc: (-39.27, 17.62) | 6.16 | 12.22
cur_loc: (-39.77, 15.62) | 4.12 | 11.86
cur_loc: (-31.77, 16.12) | 6.45 | 11.80
cur_loc: (-39.27, 18.12) | 5.95 | 11.77
cur_loc: (-39.27, 19.12) | 5.95 | 11.39
cur_loc: (-39.27, 18.62) | 6.16 | 11.35
cur_loc: (-39.77, 16.12) | 3.91 | 11.31
cur_loc: (-32.27, 15.62) | 6.16 | 11.04
cur_loc: (-39.27, 15.62) | 3.62 | 10.98

cur_state: (-39.27, 15.62) | 3.62 | 10.98
-------simple queue---------
cur_loc: (-31.77, 15.62) | 6.66 | 12.47
cur_loc: (-39.77, 15.62) | 4.12 | 11.86
cur_loc: (-39.27, 17.62) | 6.16 | 11.81
cur_loc: (-31.77, 16.12) | 6.45 | 11.80
cur_loc: (-39.27, 18.12) | 5.95 | 11.77
cur_loc: (-39.27, 19.12) | 5.95 | 11.39
cur_loc: (-39.27, 18.62) | 6.16 | 11.35
cur_loc: (-39.77, 16.12) | 3.91 | 11.31
cur_loc: (-32.27, 15.62) | 6.16 | 11.04

cur_state: (-32.27, 15.62) | 6.16 | 11.75
-------simple queue---------
cur_loc: (-31.77, 15.62) | 6.66 | 12.47
cur_loc: (-39.77, 15.62) | 4.12 | 11.86
cur_loc: (-39.27, 17.62) | 6.16 | 11.81
cur_loc: (-31.77, 16.12) | 6.45 | 11.80
cur_loc: (-39.27, 18.12) | 5.95 | 11.77
cur_loc: (-39.27, 19.12) | 5.95 | 11.39
cur_loc: (-39.27, 18.62) | 6.16 | 11.35
cur_loc: (-39.77, 16.12) | 3.91 | 11.31

cur_state: (-39.77, 16.12) | 3.91 | 11.31
-------simple queue---------
cur_loc: (-31.77, 15.62) | 6.66 | 12.47
cur_loc: (-39.77, 15.62) | 4.12 | 11.86
cur_loc: (-39.27, 17.62) | 6.16 | 11.81
cur_loc: (-31.77, 16.12) | 6.45 | 11.80
cur_loc: (-39.27, 18.12) | 5.95 | 11.77
cur_loc: (-39.27, 19.12) | 5.95 | 11.39
cur_loc: (-39.27, 18.62) | 6.16 | 11.35

cur_state: (-39.27, 18.62) | 6.16 | 11.76
-------simple queue---------
cur_loc: (-40.27, 15.62) | 4.62 | 12.76
cur_loc: (-31.77, 15.62) | 6.66 | 12.47
cur_loc: (-40.27, 16.12) | 4.41 | 12.23
cur_loc: (-39.77, 15.62) | 4.12 | 11.86
cur_loc: (-39.27, 17.62) | 6.16 | 11.81
cur_loc: (-31.77, 16.12) | 6.45 | 11.80
cur_loc: (-39.27, 18.12) | 5.95 | 11.77
cur_loc: (-39.27, 19.12) | 5.95 | 11.39

cur_state: (-39.27, 19.12) | 5.95 | 11.39
-------simple queue---------
cur_loc: (-39.77, 18.12) | 6.86 | 13.16
cur_loc: (-39.77, 19.12) | 6.86 | 12.81
cur_loc: (-40.27, 15.62) | 4.62 | 12.76
cur_loc: (-39.77, 18.62) | 6.66 | 12.75
cur_loc: (-31.77, 15.62) | 6.66 | 12.47
cur_loc: (-40.27, 16.12) | 4.41 | 12.23
cur_loc: (-39.77, 15.62) | 4.12 | 11.86
cur_loc: (-39.27, 17.62) | 6.16 | 11.81
cur_loc: (-31.77, 16.12) | 6.45 | 11.80
cur_loc: (-39.27, 18.12) | 5.95 | 11.77

cur_state: (-39.27, 18.12) | 5.95 | 11.77
-------simple queue---------
cur_loc: (-39.77, 18.12) | 6.86 | 13.16
cur_loc: (-40.27, 15.62) | 4.62 | 12.76
cur_loc: (-39.77, 18.62) | 6.66 | 12.75
cur_loc: (-31.77, 15.62) | 6.66 | 12.47
cur_loc: (-39.77, 19.12) | 6.86 | 12.39
cur_loc: (-40.27, 16.12) | 4.41 | 12.23
cur_loc: (-39.77, 15.62) | 4.12 | 11.86
cur_loc: (-39.27, 17.62) | 6.16 | 11.81
cur_loc: (-31.77, 16.12) | 6.45 | 11.80

cur_state: (-31.77, 16.12) | 6.45 | 11.80
-------simple queue---------
cur_loc: (-39.77, 17.62) | 6.66 | 13.18
cur_loc: (-40.27, 15.62) | 4.62 | 12.76
cur_loc: (-39.77, 18.62) | 6.66 | 12.75
cur_loc: (-39.77, 18.12) | 6.86 | 12.74
cur_loc: (-31.77, 15.62) | 6.66 | 12.47
cur_loc: (-39.77, 19.12) | 6.86 | 12.39
cur_loc: (-40.27, 16.12) | 4.41 | 12.23
cur_loc: (-39.77, 15.62) | 4.12 | 11.86
cur_loc: (-39.27, 17.62) | 6.16 | 11.81

cur_state: (-39.27, 17.62) | 6.16 | 12.22
-------simple queue---------
cur_loc: (-31.27, 15.62) | 7.16 | 13.23
cur_loc: (-39.77, 17.62) | 6.66 | 13.18
cur_loc: (-40.27, 15.62) | 4.62 | 12.76
cur_loc: (-39.77, 18.62) | 6.66 | 12.75
cur_loc: (-39.77, 18.12) | 6.86 | 12.74
cur_loc: (-31.27, 16.12) | 6.95 | 12.58
cur_loc: (-31.77, 15.62) | 6.66 | 12.47
cur_loc: (-39.77, 19.12) | 6.86 | 12.39
cur_loc: (-31.27, 16.62) | 7.16 | 12.36
cur_loc: (-40.27, 16.12) | 4.41 | 12.23
cur_loc: (-39.77, 15.62) | 4.12 | 11.86

cur_state: (-39.77, 15.62) | 4.12 | 11.86
-------simple queue---------
cur_loc: (-31.27, 15.62) | 7.16 | 13.23
cur_loc: (-39.77, 17.62) | 6.66 | 13.18
cur_loc: (-40.27, 15.62) | 4.62 | 12.76
cur_loc: (-39.77, 18.62) | 6.66 | 12.75
cur_loc: (-39.77, 18.12) | 6.86 | 12.74
cur_loc: (-31.27, 16.12) | 6.95 | 12.58
cur_loc: (-31.77, 15.62) | 6.66 | 12.47
cur_loc: (-39.77, 19.12) | 6.86 | 12.39
cur_loc: (-31.27, 16.62) | 7.16 | 12.36
cur_loc: (-40.27, 16.12) | 4.41 | 12.23

cur_state: (-40.27, 16.12) | 4.41 | 12.23
-------simple queue---------
cur_loc: (-31.27, 15.62) | 7.16 | 13.23
cur_loc: (-39.77, 17.62) | 6.66 | 13.18
cur_loc: (-40.27, 15.62) | 4.62 | 12.76
cur_loc: (-39.77, 18.62) | 6.66 | 12.75
cur_loc: (-39.77, 18.12) | 6.86 | 12.74
cur_loc: (-31.27, 16.12) | 6.95 | 12.58
cur_loc: (-31.77, 15.62) | 6.66 | 12.47
cur_loc: (-39.77, 19.12) | 6.86 | 12.39
cur_loc: (-31.27, 16.62) | 7.16 | 12.36

cur_state: (-31.27, 16.62) | 7.16 | 12.36
-------simple queue---------
cur_loc: (-40.77, 15.62) | 5.12 | 13.67
cur_loc: (-31.27, 15.62) | 7.16 | 13.23
cur_loc: (-39.77, 17.62) | 6.66 | 13.18
cur_loc: (-40.77, 16.12) | 4.91 | 13.15
cur_loc: (-40.27, 15.62) | 4.62 | 12.76
cur_loc: (-39.77, 18.62) | 6.66 | 12.75
cur_loc: (-39.77, 18.12) | 6.86 | 12.74
cur_loc: (-31.27, 16.12) | 6.95 | 12.58
cur_loc: (-31.77, 15.62) | 6.66 | 12.47
cur_loc: (-39.77, 19.12) | 6.86 | 12.39

cur_state: (-39.77, 19.12) | 6.86 | 12.81
-------simple queue---------
cur_loc: (-30.77, 16.12) | 7.86 | 13.80
cur_loc: (-40.77, 15.62) | 5.12 | 13.67
cur_loc: (-31.27, 15.62) | 7.16 | 13.23
cur_loc: (-30.77, 16.62) | 7.66 | 13.20
cur_loc: (-39.77, 17.62) | 6.66 | 13.18
cur_loc: (-40.77, 16.12) | 4.91 | 13.15
cur_loc: (-30.77, 17.12) | 7.86 | 13.02
cur_loc: (-40.27, 15.62) | 4.62 | 12.76
cur_loc: (-39.77, 18.62) | 6.66 | 12.75
cur_loc: (-39.77, 18.12) | 6.86 | 12.74
cur_loc: (-31.27, 16.12) | 6.95 | 12.58
cur_loc: (-31.77, 15.62) | 6.66 | 12.47

cur_state: (-31.77, 15.62) | 6.66 | 12.47
-------simple queue---------
cur_loc: (-40.27, 18.62) | 7.57 | 14.17
cur_loc: (-40.27, 19.12) | 7.36 | 13.82
cur_loc: (-30.77, 16.12) | 7.86 | 13.80
cur_loc: (-40.77, 15.62) | 5.12 | 13.67
cur_loc: (-31.27, 15.62) | 7.16 | 13.23
cur_loc: (-30.77, 16.62) | 7.66 | 13.20
cur_loc: (-39.77, 17.62) | 6.66 | 13.18
cur_loc: (-40.77, 16.12) | 4.91 | 13.15
cur_loc: (-30.77, 17.12) | 7.86 | 13.02
cur_loc: (-40.27, 15.62) | 4.62 | 12.76
cur_loc: (-39.77, 18.62) | 6.66 | 12.75
cur_loc: (-39.77, 18.12) | 6.86 | 12.74
cur_loc: (-31.27, 16.12) | 6.95 | 12.58

cur_state: (-31.27, 16.12) | 6.95 | 12.58
-------simple queue---------
cur_loc: (-40.27, 18.62) | 7.57 | 14.17
cur_loc: (-40.27, 19.12) | 7.36 | 13.82
cur_loc: (-30.77, 16.12) | 7.86 | 13.80
cur_loc: (-40.77, 15.62) | 5.12 | 13.67
cur_loc: (-31.27, 15.62) | 7.16 | 13.23
cur_loc: (-30.77, 16.62) | 7.66 | 13.20
cur_loc: (-39.77, 17.62) | 6.66 | 13.18
cur_loc: (-40.77, 16.12) | 4.91 | 13.15
cur_loc: (-30.77, 17.12) | 7.86 | 13.02
cur_loc: (-40.27, 15.62) | 4.62 | 12.76
cur_loc: (-39.77, 18.62) | 6.66 | 12.75
cur_loc: (-39.77, 18.12) | 6.86 | 12.74

cur_state: (-39.77, 18.12) | 6.86 | 13.16
-------simple queue---------
cur_loc: (-40.27, 18.62) | 7.57 | 14.17
cur_loc: (-30.77, 15.62) | 7.66 | 14.02
cur_loc: (-40.27, 19.12) | 7.36 | 13.82
cur_loc: (-40.77, 15.62) | 5.12 | 13.67
cur_loc: (-30.77, 16.12) | 7.86 | 13.39
cur_loc: (-31.27, 15.62) | 7.16 | 13.23
cur_loc: (-30.77, 16.62) | 7.66 | 13.20
cur_loc: (-39.77, 17.62) | 6.66 | 13.18
cur_loc: (-40.77, 16.12) | 4.91 | 13.15
cur_loc: (-30.77, 17.12) | 7.86 | 13.02
cur_loc: (-40.27, 15.62) | 4.62 | 12.76
cur_loc: (-39.77, 18.62) | 6.66 | 12.75

cur_state: (-39.77, 18.62) | 6.66 | 12.75
-------simple queue---------
cur_loc: (-40.27, 17.62) | 7.57 | 14.56
cur_loc: (-40.27, 18.62) | 7.57 | 14.17
cur_loc: (-40.27, 18.12) | 7.36 | 14.14
cur_loc: (-30.77, 15.62) | 7.66 | 14.02
cur_loc: (-40.27, 19.12) | 7.36 | 13.82
cur_loc: (-40.77, 15.62) | 5.12 | 13.67
cur_loc: (-30.77, 16.12) | 7.86 | 13.39
cur_loc: (-31.27, 15.62) | 7.16 | 13.23
cur_loc: (-30.77, 16.62) | 7.66 | 13.20
cur_loc: (-39.77, 17.62) | 6.66 | 13.18
cur_loc: (-40.77, 16.12) | 4.91 | 13.15
cur_loc: (-30.77, 17.12) | 7.86 | 13.02
cur_loc: (-40.27, 15.62) | 4.62 | 12.76

cur_state: (-40.27, 15.62) | 4.62 | 12.76
-------simple queue---------
cur_loc: (-40.27, 17.62) | 7.57 | 14.56
cur_loc: (-40.27, 18.12) | 7.36 | 14.14
cur_loc: (-30.77, 15.62) | 7.66 | 14.02
cur_loc: (-40.27, 19.12) | 7.36 | 13.82
cur_loc: (-40.27, 18.62) | 7.57 | 13.75
cur_loc: (-40.77, 15.62) | 5.12 | 13.67
cur_loc: (-30.77, 16.12) | 7.86 | 13.39
cur_loc: (-31.27, 15.62) | 7.16 | 13.23
cur_loc: (-30.77, 16.62) | 7.66 | 13.20
cur_loc: (-39.77, 17.62) | 6.66 | 13.18
cur_loc: (-40.77, 16.12) | 4.91 | 13.15
cur_loc: (-30.77, 17.12) | 7.86 | 13.02

cur_state: (-30.77, 17.12) | 7.86 | 13.02
-------simple queue---------
cur_loc: (-40.27, 17.62) | 7.57 | 14.56
cur_loc: (-40.27, 18.12) | 7.36 | 14.14
cur_loc: (-30.77, 15.62) | 7.66 | 14.02
cur_loc: (-40.27, 19.12) | 7.36 | 13.82
cur_loc: (-40.27, 18.62) | 7.57 | 13.75
cur_loc: (-40.77, 15.62) | 5.12 | 13.67
cur_loc: (-30.77, 16.12) | 7.86 | 13.39
cur_loc: (-31.27, 15.62) | 7.16 | 13.23
cur_loc: (-30.77, 16.62) | 7.66 | 13.20
cur_loc: (-39.77, 17.62) | 6.66 | 13.18
cur_loc: (-40.77, 16.12) | 4.91 | 13.15

cur_state: (-40.77, 16.12) | 4.91 | 13.15
-------simple queue---------
cur_loc: (-40.27, 17.62) | 7.57 | 14.56
cur_loc: (-30.27, 16.62) | 8.57 | 14.47
cur_loc: (-40.27, 18.12) | 7.36 | 14.14
cur_loc: (-30.77, 15.62) | 7.66 | 14.02
cur_loc: (-30.27, 17.12) | 8.36 | 13.91
cur_loc: (-40.27, 19.12) | 7.36 | 13.82
cur_loc: (-30.27, 17.62) | 8.57 | 13.79
cur_loc: (-40.27, 18.62) | 7.57 | 13.75
cur_loc: (-40.77, 15.62) | 5.12 | 13.67
cur_loc: (-30.77, 16.12) | 7.86 | 13.39
cur_loc: (-31.27, 15.62) | 7.16 | 13.23
cur_loc: (-30.77, 16.62) | 7.66 | 13.20
cur_loc: (-39.77, 17.62) | 6.66 | 13.18
cur_loc: (-30.77, 17.62) | 8.36 | 13.17

cur_state: (-30.77, 17.62) | 8.36 | 13.17
-------simple queue---------
cur_loc: (-41.27, 15.62) | 5.62 | 14.59
cur_loc: (-40.27, 17.62) | 7.57 | 14.56
cur_loc: (-30.27, 16.62) | 8.57 | 14.47
cur_loc: (-40.27, 18.12) | 7.36 | 14.14
cur_loc: (-41.27, 16.12) | 5.41 | 14.09
cur_loc: (-30.77, 15.62) | 7.66 | 14.02
cur_loc: (-30.27, 17.12) | 8.36 | 13.91
cur_loc: (-40.27, 19.12) | 7.36 | 13.82
cur_loc: (-30.27, 17.62) | 8.57 | 13.79
cur_loc: (-40.27, 18.62) | 7.57 | 13.75
cur_loc: (-40.77, 15.62) | 5.12 | 13.67
cur_loc: (-30.77, 16.12) | 7.86 | 13.39
cur_loc: (-31.27, 15.62) | 7.16 | 13.23
cur_loc: (-30.77, 16.62) | 7.66 | 13.20
cur_loc: (-39.77, 17.62) | 6.66 | 13.18

cur_state: (-39.77, 17.62) | 6.66 | 13.18
-------simple queue---------
cur_loc: (-41.27, 15.62) | 5.62 | 14.59
cur_loc: (-40.27, 17.62) | 7.57 | 14.56
cur_loc: (-30.27, 16.62) | 8.57 | 14.47
cur_loc: (-40.27, 18.12) | 7.36 | 14.14
cur_loc: (-41.27, 16.12) | 5.41 | 14.09
cur_loc: (-30.77, 15.62) | 7.66 | 14.02
cur_loc: (-30.27, 18.12) | 9.07 | 14.00
cur_loc: (-30.27, 17.12) | 8.36 | 13.91
cur_loc: (-40.27, 19.12) | 7.36 | 13.82
cur_loc: (-30.27, 17.62) | 8.57 | 13.79
cur_loc: (-40.27, 18.62) | 7.57 | 13.75
cur_loc: (-40.77, 15.62) | 5.12 | 13.67
cur_loc: (-30.77, 16.12) | 7.86 | 13.39
cur_loc: (-30.77, 18.12) | 8.86 | 13.36
cur_loc: (-31.27, 15.62) | 7.16 | 13.23
cur_loc: (-30.77, 16.62) | 7.66 | 13.20

cur_state: (-30.77, 16.62) | 7.66 | 13.20
-------simple queue---------
cur_loc: (-41.27, 15.62) | 5.62 | 14.59
cur_loc: (-30.27, 16.62) | 8.57 | 14.47
cur_loc: (-40.27, 17.62) | 7.57 | 14.15
cur_loc: (-40.27, 18.12) | 7.36 | 14.14
cur_loc: (-41.27, 16.12) | 5.41 | 14.09
cur_loc: (-30.77, 15.62) | 7.66 | 14.02
cur_loc: (-30.27, 18.12) | 9.07 | 14.00
cur_loc: (-30.27, 17.12) | 8.36 | 13.91
cur_loc: (-40.27, 19.12) | 7.36 | 13.82
cur_loc: (-30.27, 17.62) | 8.57 | 13.79
cur_loc: (-40.27, 18.62) | 7.57 | 13.75
cur_loc: (-40.77, 15.62) | 5.12 | 13.67
cur_loc: (-30.77, 16.12) | 7.86 | 13.39
cur_loc: (-30.77, 18.12) | 8.86 | 13.36
cur_loc: (-31.27, 15.62) | 7.16 | 13.23

cur_state: (-31.27, 15.62) | 7.16 | 13.23
-------simple queue---------
cur_loc: (-30.27, 16.12) | 8.36 | 14.64
cur_loc: (-41.27, 15.62) | 5.62 | 14.59
cur_loc: (-40.27, 17.62) | 7.57 | 14.15
cur_loc: (-40.27, 18.12) | 7.36 | 14.14
cur_loc: (-41.27, 16.12) | 5.41 | 14.09
cur_loc: (-30.27, 16.62) | 8.57 | 14.06
cur_loc: (-30.77, 15.62) | 7.66 | 14.02
cur_loc: (-30.27, 18.12) | 9.07 | 14.00
cur_loc: (-30.27, 17.12) | 8.36 | 13.91
cur_loc: (-40.27, 19.12) | 7.36 | 13.82
cur_loc: (-30.27, 17.62) | 8.57 | 13.79
cur_loc: (-40.27, 18.62) | 7.57 | 13.75
cur_loc: (-40.77, 15.62) | 5.12 | 13.67
cur_loc: (-30.77, 16.12) | 7.86 | 13.39
cur_loc: (-30.77, 18.12) | 8.86 | 13.36

cur_state: (-30.77, 18.12) | 8.86 | 13.36
-------simple queue---------
cur_loc: (-30.27, 16.12) | 8.36 | 14.64
cur_loc: (-41.27, 15.62) | 5.62 | 14.59
cur_loc: (-40.27, 17.62) | 7.57 | 14.15
cur_loc: (-40.27, 18.12) | 7.36 | 14.14
cur_loc: (-41.27, 16.12) | 5.41 | 14.09
cur_loc: (-30.27, 16.62) | 8.57 | 14.06
cur_loc: (-30.77, 15.62) | 7.66 | 14.02
cur_loc: (-30.27, 18.12) | 9.07 | 14.00
cur_loc: (-30.27, 17.12) | 8.36 | 13.91
cur_loc: (-40.27, 19.12) | 7.36 | 13.82
cur_loc: (-30.27, 17.62) | 8.57 | 13.79
cur_loc: (-40.27, 18.62) | 7.57 | 13.75
cur_loc: (-40.77, 15.62) | 5.12 | 13.67
cur_loc: (-30.77, 16.12) | 7.86 | 13.39

cur_state: (-31.27, 18.62) | 9.57 | 13.33
-------simple queue---------
cur_loc: (-30.27, 16.12) | 8.36 | 14.64
cur_loc: (-41.27, 15.62) | 5.62 | 14.59
cur_loc: (-30.27, 18.62) | 9.57 | 14.25
cur_loc: (-40.27, 17.62) | 7.57 | 14.15
cur_loc: (-40.27, 18.12) | 7.36 | 14.14
cur_loc: (-41.27, 16.12) | 5.41 | 14.09
cur_loc: (-30.27, 16.62) | 8.57 | 14.06
cur_loc: (-30.77, 15.62) | 7.66 | 14.02
cur_loc: (-30.27, 18.12) | 9.07 | 14.00
cur_loc: (-30.27, 17.12) | 8.36 | 13.91
cur_loc: (-40.27, 19.12) | 7.36 | 13.82
cur_loc: (-30.27, 17.62) | 8.57 | 13.79
cur_loc: (-40.27, 18.62) | 7.57 | 13.75
cur_loc: (-40.77, 15.62) | 5.12 | 13.67
cur_loc: (-30.77, 18.62) | 9.36 | 13.58
cur_loc: (-30.77, 16.12) | 7.86 | 13.39

cur_state: (-31.77, 19.12) | 10.28 | 13.32
-------simple queue---------
cur_loc: (-30.27, 16.12) | 8.36 | 14.64
cur_loc: (-41.27, 15.62) | 5.62 | 14.59
cur_loc: (-30.77, 19.12) | 10.28 | 14.27
cur_loc: (-30.27, 18.62) | 9.57 | 14.25
cur_loc: (-40.27, 17.62) | 7.57 | 14.15
cur_loc: (-40.27, 18.12) | 7.36 | 14.14
cur_loc: (-41.27, 16.12) | 5.41 | 14.09
cur_loc: (-30.27, 16.62) | 8.57 | 14.06
cur_loc: (-30.77, 15.62) | 7.66 | 14.02
cur_loc: (-30.27, 18.12) | 9.07 | 14.00
cur_loc: (-30.27, 17.12) | 8.36 | 13.91
cur_loc: (-40.27, 19.12) | 7.36 | 13.82
cur_loc: (-30.27, 17.62) | 8.57 | 13.79
cur_loc: (-40.27, 18.62) | 7.57 | 13.75
cur_loc: (-40.77, 15.62) | 5.12 | 13.67
cur_loc: (-31.27, 19.12) | 10.07 | 13.58
cur_loc: (-30.77, 18.62) | 9.36 | 13.58
cur_loc: (-31.77, 18.62) | 10.07 | 13.40
cur_loc: (-30.77, 16.12) | 7.86 | 13.39

cur_state: (-32.27, 19.62) | 10.99 | 13.32
-------simple queue---------
cur_loc: (-30.27, 16.12) | 8.36 | 14.64
cur_loc: (-41.27, 15.62) | 5.62 | 14.59
cur_loc: (-31.27, 19.62) | 10.99 | 14.30
cur_loc: (-30.77, 19.12) | 10.28 | 14.27
cur_loc: (-30.27, 18.62) | 9.57 | 14.25
cur_loc: (-40.27, 17.62) | 7.57 | 14.15
cur_loc: (-40.27, 18.12) | 7.36 | 14.14
cur_loc: (-41.27, 16.12) | 5.41 | 14.09
cur_loc: (-30.27, 16.62) | 8.57 | 14.06
cur_loc: (-30.77, 15.62) | 7.66 | 14.02
cur_loc: (-30.27, 18.12) | 9.07 | 14.00
cur_loc: (-32.27, 18.62) | 10.99 | 13.92
cur_loc: (-30.27, 17.12) | 8.36 | 13.91
cur_loc: (-40.27, 19.12) | 7.36 | 13.82
cur_loc: (-30.27, 17.62) | 8.57 | 13.79
cur_loc: (-40.27, 18.62) | 7.57 | 13.75
cur_loc: (-40.77, 15.62) | 5.12 | 13.67
cur_loc: (-31.77, 19.62) | 10.78 | 13.60
cur_loc: (-31.27, 19.12) | 10.07 | 13.58
cur_loc: (-30.77, 18.62) | 9.36 | 13.58
cur_loc: (-31.77, 18.62) | 10.07 | 13.40
cur_loc: (-30.77, 16.12) | 7.86 | 13.39
cur_loc: (-32.27, 19.12) | 10.78 | 13.38

cur_state: (-32.77, 20.12) | 11.69 | 13.35
-------simple queue---------
cur_loc: (-30.27, 16.12) | 8.36 | 14.64
cur_loc: (-41.27, 15.62) | 5.62 | 14.59
cur_loc: (-31.77, 20.12) | 11.69 | 14.38
cur_loc: (-31.27, 19.62) | 10.99 | 14.30
cur_loc: (-30.77, 19.12) | 10.28 | 14.27
cur_loc: (-30.27, 18.62) | 9.57 | 14.25
cur_loc: (-40.27, 17.62) | 7.57 | 14.15
cur_loc: (-40.27, 18.12) | 7.36 | 14.14
cur_loc: (-41.27, 16.12) | 5.41 | 14.09
cur_loc: (-30.27, 16.62) | 8.57 | 14.06
cur_loc: (-30.77, 15.62) | 7.66 | 14.02
cur_loc: (-30.27, 18.12) | 9.07 | 14.00
cur_loc: (-32.27, 18.62) | 10.99 | 13.92
cur_loc: (-30.27, 17.12) | 8.36 | 13.91
cur_loc: (-32.77, 19.12) | 11.69 | 13.88
cur_loc: (-40.27, 19.12) | 7.36 | 13.82
cur_loc: (-30.27, 17.62) | 8.57 | 13.79
cur_loc: (-40.27, 18.62) | 7.57 | 13.75
cur_loc: (-40.77, 15.62) | 5.12 | 13.67
cur_loc: (-32.27, 20.12) | 11.49 | 13.66
cur_loc: (-31.77, 19.62) | 10.78 | 13.60
cur_loc: (-31.27, 19.12) | 10.07 | 13.58
cur_loc: (-30.77, 18.62) | 9.36 | 13.58
cur_loc: (-31.77, 18.62) | 10.07 | 13.40
cur_loc: (-30.77, 16.12) | 7.86 | 13.39
cur_loc: (-32.27, 19.12) | 10.78 | 13.38
cur_loc: (-32.77, 19.62) | 11.49 | 13.36

cur_state: (-33.27, 20.12) | 12.19 | 13.36
-------simple queue---------
cur_loc: (-30.27, 16.12) | 8.36 | 14.64
cur_loc: (-41.27, 15.62) | 5.62 | 14.59
cur_loc: (-32.27, 20.62) | 12.40 | 14.52
cur_loc: (-31.77, 20.12) | 11.69 | 14.38
cur_loc: (-31.27, 19.62) | 10.99 | 14.30
cur_loc: (-30.77, 19.12) | 10.28 | 14.27
cur_loc: (-30.27, 18.62) | 9.57 | 14.25
cur_loc: (-40.27, 17.62) | 7.57 | 14.15
cur_loc: (-40.27, 18.12) | 7.36 | 14.14
cur_loc: (-41.27, 16.12) | 5.41 | 14.09
cur_loc: (-30.27, 16.62) | 8.57 | 14.06
cur_loc: (-30.77, 15.62) | 7.66 | 14.02
cur_loc: (-30.27, 18.12) | 9.07 | 14.00
cur_loc: (-32.27, 18.62) | 10.99 | 13.92
cur_loc: (-30.27, 17.12) | 8.36 | 13.91
cur_loc: (-32.77, 19.12) | 11.69 | 13.88
cur_loc: (-33.27, 19.62) | 12.40 | 13.85
cur_loc: (-40.27, 19.12) | 7.36 | 13.82
cur_loc: (-30.27, 17.62) | 8.57 | 13.79
cur_loc: (-32.77, 20.62) | 12.19 | 13.79
cur_loc: (-40.27, 18.62) | 7.57 | 13.75
cur_loc: (-40.77, 15.62) | 5.12 | 13.67
cur_loc: (-32.27, 20.12) | 11.49 | 13.66
cur_loc: (-31.77, 19.62) | 10.78 | 13.60
cur_loc: (-31.27, 19.12) | 10.07 | 13.58
cur_loc: (-30.77, 18.62) | 9.36 | 13.58
cur_loc: (-33.27, 20.62) | 12.40 | 13.47
cur_loc: (-31.77, 18.62) | 10.07 | 13.40
cur_loc: (-30.77, 16.12) | 7.86 | 13.39
cur_loc: (-32.27, 19.12) | 10.78 | 13.38
cur_loc: (-32.77, 19.62) | 11.49 | 13.36

cur_state: (-32.77, 19.62) | 11.49 | 13.36
-------simple queue---------
cur_loc: (-30.27, 16.12) | 8.36 | 14.64
cur_loc: (-41.27, 15.62) | 5.62 | 14.59
cur_loc: (-32.27, 20.62) | 12.40 | 14.52
cur_loc: (-31.77, 20.12) | 11.69 | 14.38
cur_loc: (-31.27, 19.62) | 10.99 | 14.30
cur_loc: (-30.77, 19.12) | 10.28 | 14.27
cur_loc: (-30.27, 18.62) | 9.57 | 14.25
cur_loc: (-40.27, 17.62) | 7.57 | 14.15
cur_loc: (-40.27, 18.12) | 7.36 | 14.14
cur_loc: (-41.27, 16.12) | 5.41 | 14.09
cur_loc: (-30.27, 16.62) | 8.57 | 14.06
cur_loc: (-33.77, 19.62) | 12.90 | 14.02
cur_loc: (-30.77, 15.62) | 7.66 | 14.02
cur_loc: (-30.27, 18.12) | 9.07 | 14.00
cur_loc: (-32.27, 18.62) | 10.99 | 13.92
cur_loc: (-30.27, 17.12) | 8.36 | 13.91
cur_loc: (-32.77, 19.12) | 11.69 | 13.88
cur_loc: (-33.27, 19.62) | 12.40 | 13.85
cur_loc: (-40.27, 19.12) | 7.36 | 13.82
cur_loc: (-30.27, 17.62) | 8.57 | 13.79
cur_loc: (-32.77, 20.62) | 12.19 | 13.79
cur_loc: (-40.27, 18.62) | 7.57 | 13.75
cur_loc: (-40.77, 15.62) | 5.12 | 13.67
cur_loc: (-32.27, 20.12) | 11.49 | 13.66
cur_loc: (-31.77, 19.62) | 10.78 | 13.60
cur_loc: (-31.27, 19.12) | 10.07 | 13.58
cur_loc: (-30.77, 18.62) | 9.36 | 13.58
cur_loc: (-33.27, 20.62) | 12.40 | 13.47
cur_loc: (-33.77, 20.62) | 12.90 | 13.45
cur_loc: (-31.77, 18.62) | 10.07 | 13.40
cur_loc: (-33.77, 20.12) | 12.69 | 13.40
cur_loc: (-30.77, 16.12) | 7.86 | 13.39
cur_loc: (-32.27, 19.12) | 10.78 | 13.38

cur_state: (-32.27, 19.12) | 10.78 | 13.38
-------simple queue---------
cur_loc: (-30.27, 16.12) | 8.36 | 14.64
cur_loc: (-41.27, 15.62) | 5.62 | 14.59
cur_loc: (-32.27, 20.62) | 12.40 | 14.52
cur_loc: (-31.77, 20.12) | 11.69 | 14.38
cur_loc: (-31.27, 19.62) | 10.99 | 14.30
cur_loc: (-30.77, 19.12) | 10.28 | 14.27
cur_loc: (-30.27, 18.62) | 9.57 | 14.25
cur_loc: (-40.27, 17.62) | 7.57 | 14.15
cur_loc: (-40.27, 18.12) | 7.36 | 14.14
cur_loc: (-41.27, 16.12) | 5.41 | 14.09
cur_loc: (-30.27, 16.62) | 8.57 | 14.06
cur_loc: (-33.27, 19.12) | 12.19 | 14.04
cur_loc: (-33.77, 19.62) | 12.90 | 14.02
cur_loc: (-30.77, 15.62) | 7.66 | 14.02
cur_loc: (-30.27, 18.12) | 9.07 | 14.00
cur_loc: (-32.27, 18.62) | 10.99 | 13.92
cur_loc: (-30.27, 17.12) | 8.36 | 13.91
cur_loc: (-32.77, 19.12) | 11.69 | 13.88
cur_loc: (-40.27, 19.12) | 7.36 | 13.82
cur_loc: (-30.27, 17.62) | 8.57 | 13.79
cur_loc: (-32.77, 20.62) | 12.19 | 13.79
cur_loc: (-40.27, 18.62) | 7.57 | 13.75
cur_loc: (-40.77, 15.62) | 5.12 | 13.67
cur_loc: (-32.27, 20.12) | 11.49 | 13.66
cur_loc: (-31.77, 19.62) | 10.78 | 13.60
cur_loc: (-31.27, 19.12) | 10.07 | 13.58
cur_loc: (-30.77, 18.62) | 9.36 | 13.58
cur_loc: (-33.27, 20.62) | 12.40 | 13.47
cur_loc: (-33.77, 20.62) | 12.90 | 13.45
cur_loc: (-33.27, 19.62) | 12.40 | 13.43
cur_loc: (-31.77, 18.62) | 10.07 | 13.40
cur_loc: (-33.77, 20.12) | 12.69 | 13.40
cur_loc: (-30.77, 16.12) | 7.86 | 13.39

cur_state: (-30.77, 16.12) | 7.86 | 13.80
-------simple queue---------
cur_loc: (-30.27, 16.12) | 8.36 | 14.64
cur_loc: (-41.27, 15.62) | 5.62 | 14.59
cur_loc: (-32.27, 20.62) | 12.40 | 14.52
cur_loc: (-31.77, 20.12) | 11.69 | 14.38
cur_loc: (-31.27, 19.62) | 10.99 | 14.30
cur_loc: (-30.77, 19.12) | 10.28 | 14.27
cur_loc: (-30.27, 18.62) | 9.57 | 14.25
cur_loc: (-40.27, 17.62) | 7.57 | 14.15
cur_loc: (-40.27, 18.12) | 7.36 | 14.14
cur_loc: (-41.27, 16.12) | 5.41 | 14.09
cur_loc: (-32.77, 18.62) | 11.49 | 14.06
cur_loc: (-30.27, 16.62) | 8.57 | 14.06
cur_loc: (-33.27, 19.12) | 12.19 | 14.04
cur_loc: (-33.77, 19.62) | 12.90 | 14.02
cur_loc: (-30.77, 15.62) | 7.66 | 14.02
cur_loc: (-30.27, 18.12) | 9.07 | 14.00
cur_loc: (-32.27, 18.62) | 10.99 | 13.92
cur_loc: (-30.27, 17.12) | 8.36 | 13.91
cur_loc: (-40.27, 19.12) | 7.36 | 13.82
cur_loc: (-30.27, 17.62) | 8.57 | 13.79
cur_loc: (-32.77, 20.62) | 12.19 | 13.79
cur_loc: (-40.27, 18.62) | 7.57 | 13.75
cur_loc: (-40.77, 15.62) | 5.12 | 13.67
cur_loc: (-32.27, 20.12) | 11.49 | 13.66
cur_loc: (-31.77, 19.62) | 10.78 | 13.60
cur_loc: (-31.27, 19.12) | 10.07 | 13.58
cur_loc: (-30.77, 18.62) | 9.36 | 13.58
cur_loc: (-33.27, 20.62) | 12.40 | 13.47
cur_loc: (-32.77, 19.12) | 11.69 | 13.47
cur_loc: (-33.77, 20.62) | 12.90 | 13.45
cur_loc: (-33.27, 19.62) | 12.40 | 13.43
cur_loc: (-31.77, 18.62) | 10.07 | 13.40
cur_loc: (-33.77, 20.12) | 12.69 | 13.40

cur_state: (-33.77, 20.12) | 12.69 | 13.40
-------simple queue---------
cur_loc: (-30.27, 15.62) | 8.57 | 15.25
cur_loc: (-30.27, 16.12) | 8.36 | 14.64
cur_loc: (-41.27, 15.62) | 5.62 | 14.59
cur_loc: (-32.27, 20.62) | 12.40 | 14.52
cur_loc: (-31.77, 20.12) | 11.69 | 14.38
cur_loc: (-31.27, 19.62) | 10.99 | 14.30
cur_loc: (-30.77, 19.12) | 10.28 | 14.27
cur_loc: (-30.27, 18.62) | 9.57 | 14.25
cur_loc: (-40.27, 17.62) | 7.57 | 14.15
cur_loc: (-40.27, 18.12) | 7.36 | 14.14
cur_loc: (-41.27, 16.12) | 5.41 | 14.09
cur_loc: (-32.77, 18.62) | 11.49 | 14.06
cur_loc: (-30.27, 16.62) | 8.57 | 14.06
cur_loc: (-33.27, 19.12) | 12.19 | 14.04
cur_loc: (-33.77, 19.62) | 12.90 | 14.02
cur_loc: (-30.77, 15.62) | 7.66 | 14.02
cur_loc: (-30.27, 18.12) | 9.07 | 14.00
cur_loc: (-32.27, 18.62) | 10.99 | 13.92
cur_loc: (-30.27, 17.12) | 8.36 | 13.91
cur_loc: (-40.27, 19.12) | 7.36 | 13.82
cur_loc: (-30.27, 17.62) | 8.57 | 13.79
cur_loc: (-32.77, 20.62) | 12.19 | 13.79
cur_loc: (-40.27, 18.62) | 7.57 | 13.75
cur_loc: (-40.77, 15.62) | 5.12 | 13.67
cur_loc: (-32.27, 20.12) | 11.49 | 13.66
cur_loc: (-31.77, 19.62) | 10.78 | 13.60
cur_loc: (-31.27, 19.12) | 10.07 | 13.58
cur_loc: (-30.77, 18.62) | 9.36 | 13.58
cur_loc: (-33.27, 20.62) | 12.40 | 13.47
cur_loc: (-32.77, 19.12) | 11.69 | 13.47
cur_loc: (-33.77, 20.62) | 12.90 | 13.45
cur_loc: (-33.27, 19.62) | 12.40 | 13.43
cur_loc: (-31.77, 18.62) | 10.07 | 13.40
Exiting.
